/usr/lib/gcc/x86_64-redhat-linux/4.6.3/../../../../lib64/crt1.o: In function `_start':
(.text+0x20): undefined reference to `main'
main.o: In function `sc_main':
main.cpp:(.text+0x42): undefined reference to `sc_core::sc_module_name::sc_module_name(char const*)'
main.cpp:(.text+0x64): undefined reference to `sc_core::sc_module_name::~sc_module_name()'
main.cpp:(.text+0xdf): undefined reference to `sc_core::sc_module_name::~sc_module_name()'
main.o: In function `__static_initialization_and_destruction_0(int, int)':
main.cpp:(.text+0x14f): undefined reference to `sc_core::sc_api_version_2_3_0::sc_api_version_2_3_0()'
main.o: In function `sc_core::sc_process_b::reference_decrement()':
main.cpp:(.text._ZN7sc_core12sc_process_b19reference_decrementEv[sc_core::sc_process_b::reference_decrement()]+0x39): undefined reference to `sc_core::sc_process_b::delete_process()'
main.o: In function `sc_core::sc_start(int, sc_core::sc_time_unit, sc_core::sc_starvation_policy)':
main.cpp:(.text._ZN7sc_core8sc_startEiNS_12sc_time_unitENS_20sc_starvation_policyE[sc_core::sc_start(int, sc_core::sc_time_unit, sc_core::sc_starvation_policy)]+0x23): undefined reference to `sc_core::sc_time::sc_time(double, sc_core::sc_time_unit)'
main.cpp:(.text._ZN7sc_core8sc_startEiNS_12sc_time_unitENS_20sc_starvation_policyE[sc_core::sc_start(int, sc_core::sc_time_unit, sc_core::sc_starvation_policy)]+0x34): undefined reference to `sc_core::sc_start(sc_core::sc_time const&, sc_core::sc_starvation_policy)'
main.o: In function `sc_core::sc_get_curr_simcontext()':
main.cpp:(.text._ZN7sc_core22sc_get_curr_simcontextEv[sc_core::sc_get_curr_simcontext()]+0xa): undefined reference to `sc_core::sc_curr_simcontext'
main.cpp:(.text._ZN7sc_core22sc_get_curr_simcontextEv[sc_core::sc_get_curr_simcontext()]+0x24): undefined reference to `sc_core::sc_simcontext::sc_simcontext()'
main.cpp:(.text._ZN7sc_core22sc_get_curr_simcontextEv[sc_core::sc_get_curr_simcontext()]+0x2b): undefined reference to `sc_core::sc_default_global_context'
main.cpp:(.text._ZN7sc_core22sc_get_curr_simcontextEv[sc_core::sc_get_curr_simcontext()]+0x32): undefined reference to `sc_core::sc_default_global_context'
main.cpp:(.text._ZN7sc_core22sc_get_curr_simcontextEv[sc_core::sc_get_curr_simcontext()]+0x39): undefined reference to `sc_core::sc_curr_simcontext'
main.cpp:(.text._ZN7sc_core22sc_get_curr_simcontextEv[sc_core::sc_get_curr_simcontext()]+0x40): undefined reference to `sc_core::sc_curr_simcontext'
main.o: In function `sc_core::sc_module::next_trigger(double, sc_core::sc_time_unit)':
main.cpp:(.text._ZN7sc_core9sc_module12next_triggerEdNS_12sc_time_unitE[sc_core::sc_module::next_trigger(double, sc_core::sc_time_unit)]+0x45): undefined reference to `sc_core::sc_time::sc_time(double, sc_core::sc_time_unit, sc_core::sc_simcontext*)'
main.cpp:(.text._ZN7sc_core9sc_module12next_triggerEdNS_12sc_time_unitE[sc_core::sc_module::next_trigger(double, sc_core::sc_time_unit)]+0x54): undefined reference to `sc_core::next_trigger(sc_core::sc_time const&, sc_core::sc_simcontext*)'
main.o: In function `sc_core::sc_event::notify_next_delta()':
main.cpp:(.text._ZN7sc_core8sc_event17notify_next_deltaEv[sc_core::sc_event::notify_next_delta()]+0x28): undefined reference to `sc_core::SC_ID_NOTIFY_DELAYED_'
main.cpp:(.text._ZN7sc_core8sc_event17notify_next_deltaEv[sc_core::sc_event::notify_next_delta()]+0x32): undefined reference to `sc_core::sc_report_handler::report(sc_core::sc_severity, char const*, char const*, char const*, int)'
main.o: In function `sc_core::sc_writer_policy_check_write::check_write(sc_core::sc_object*, bool)':
main.cpp:(.text._ZN7sc_core28sc_writer_policy_check_write11check_writeEPNS_9sc_objectEb[sc_core::sc_writer_policy_check_write::check_write(sc_core::sc_object*, bool)]+0x91): undefined reference to `sc_core::sc_signal_invalid_writer(sc_core::sc_object*, sc_core::sc_object*, sc_core::sc_object*, bool)'
main.o: In function `sc_core::sc_in<bool>::sc_in()':
main.cpp:(.text._ZN7sc_core5sc_inIbEC2Ev[_ZN7sc_core5sc_inIbEC5Ev]+0x1f): undefined reference to `vtable for sc_core::sc_in<bool>'
main.o: In function `sc_core::sc_in<bool>::~sc_in()':
main.cpp:(.text._ZN7sc_core5sc_inIbED2Ev[_ZN7sc_core5sc_inIbED5Ev]+0x14): undefined reference to `vtable for sc_core::sc_in<bool>'
main.cpp:(.text._ZN7sc_core5sc_inIbED2Ev[_ZN7sc_core5sc_inIbED5Ev]+0x20): undefined reference to `sc_core::sc_in<bool>::remove_traces() const'
main.o: In function `sc_dt::sc_lv_base::sc_lv_base(int)':
main.cpp:(.text._ZN5sc_dt10sc_lv_baseC2Ei[_ZN5sc_dt10sc_lv_baseC5Ei]+0x5d): undefined reference to `sc_dt::SC_LOGIC_X'
main.cpp:(.text._ZN5sc_dt10sc_lv_baseC2Ei[_ZN5sc_dt10sc_lv_baseC5Ei]+0x67): undefined reference to `sc_dt::sc_lv_base::init(int, sc_dt::sc_logic const&)'
main.o: In function `sbsc::sbsc_conduit_fifo_tests<16, 32, 5>::~sbsc_conduit_fifo_tests()':
main.cpp:(.text._ZN4sbsc23sbsc_conduit_fifo_testsILi16ELi32ELi5EED2Ev[_ZN4sbsc23sbsc_conduit_fifo_testsILi16ELi32ELi5EED5Ev]+0x184): undefined reference to `sbsc::sbsc_conduit_fifo<16, 32, 5>::~sbsc_conduit_fifo()'
main.cpp:(.text._ZN4sbsc23sbsc_conduit_fifo_testsILi16ELi32ELi5EED2Ev[_ZN4sbsc23sbsc_conduit_fifo_testsILi16ELi32ELi5EED5Ev]+0x190): undefined reference to `sc_core::sc_module::~sc_module()'
main.cpp:(.text._ZN4sbsc23sbsc_conduit_fifo_testsILi16ELi32ELi5EED2Ev[_ZN4sbsc23sbsc_conduit_fifo_testsILi16ELi32ELi5EED5Ev]+0x342): undefined reference to `sbsc::sbsc_conduit_fifo<16, 32, 5>::~sbsc_conduit_fifo()'
main.cpp:(.text._ZN4sbsc23sbsc_conduit_fifo_testsILi16ELi32ELi5EED2Ev[_ZN4sbsc23sbsc_conduit_fifo_testsILi16ELi32ELi5EED5Ev]+0x353): undefined reference to `sc_core::sc_module::~sc_module()'
main.o: In function `sc_core::sc_port_b<sc_core::sc_signal_in_if<bool> >::operator->() const':
main.cpp:(.text._ZNK7sc_core9sc_port_bINS_15sc_signal_in_ifIbEEEptEv[sc_core::sc_port_b<sc_core::sc_signal_in_if<bool> >::operator->() const]+0x23): undefined reference to `sc_core::SC_ID_GET_IF_'
main.cpp:(.text._ZNK7sc_core9sc_port_bINS_15sc_signal_in_ifIbEEEptEv[sc_core::sc_port_b<sc_core::sc_signal_in_if<bool> >::operator->() const]+0x2b): undefined reference to `sc_core::sc_port_base::report_error(char const*, char const*) const'
main.o: In function `sbsc::sbsc_conduit_fifo_tests<16, 32, 5>::sbsc_conduit_fifo_tests(sc_core::sc_module_name)':
main.cpp:(.text._ZN4sbsc23sbsc_conduit_fifo_testsILi16ELi32ELi5EEC2EN7sc_core14sc_module_nameE[_ZN4sbsc23sbsc_conduit_fifo_testsILi16ELi32ELi5EEC5EN7sc_core14sc_module_nameE]+0x33): undefined reference to `sc_core::sc_module::sc_module(sc_core::sc_module_name const&)'
main.cpp:(.text._ZN4sbsc23sbsc_conduit_fifo_testsILi16ELi32ELi5EEC2EN7sc_core14sc_module_nameE[_ZN4sbsc23sbsc_conduit_fifo_testsILi16ELi32ELi5EEC5EN7sc_core14sc_module_nameE]+0x64): undefined reference to `sc_core::sc_module_name::sc_module_name(char const*)'
main.cpp:(.text._ZN4sbsc23sbsc_conduit_fifo_testsILi16ELi32ELi5EEC2EN7sc_core14sc_module_nameE[_ZN4sbsc23sbsc_conduit_fifo_testsILi16ELi32ELi5EEC5EN7sc_core14sc_module_nameE]+0x84): undefined reference to `sbsc::sbsc_conduit_fifo<16, 32, 5>::sbsc_conduit_fifo(sc_core::sc_module_name)'
main.cpp:(.text._ZN4sbsc23sbsc_conduit_fifo_testsILi16ELi32ELi5EEC2EN7sc_core14sc_module_nameE[_ZN4sbsc23sbsc_conduit_fifo_testsILi16ELi32ELi5EEC5EN7sc_core14sc_module_nameE]+0x93): undefined reference to `sc_core::sc_module_name::~sc_module_name()'
main.cpp:(.text._ZN4sbsc23sbsc_conduit_fifo_testsILi16ELi32ELi5EEC2EN7sc_core14sc_module_nameE[_ZN4sbsc23sbsc_conduit_fifo_testsILi16ELi32ELi5EEC5EN7sc_core14sc_module_nameE]+0x318): undefined reference to `sc_core::sc_simcontext::create_thread_process(char const*, bool, void (sc_core::sc_process_host::*)(), sc_core::sc_process_host*, sc_core::sc_spawn_options const*)'
main.cpp:(.text._ZN4sbsc23sbsc_conduit_fifo_testsILi16ELi32ELi5EEC2EN7sc_core14sc_module_nameE[_ZN4sbsc23sbsc_conduit_fifo_testsILi16ELi32ELi5EEC5EN7sc_core14sc_module_nameE]+0x34e): undefined reference to `sc_core::sc_sensitive::operator<<(sc_core::sc_process_handle)'
main.cpp:(.text._ZN4sbsc23sbsc_conduit_fifo_testsILi16ELi32ELi5EEC2EN7sc_core14sc_module_nameE[_ZN4sbsc23sbsc_conduit_fifo_testsILi16ELi32ELi5EEC5EN7sc_core14sc_module_nameE]+0x38d): undefined reference to `sc_core::sc_sensitive_pos::operator<<(sc_core::sc_process_handle)'
main.cpp:(.text._ZN4sbsc23sbsc_conduit_fifo_testsILi16ELi32ELi5EEC2EN7sc_core14sc_module_nameE[_ZN4sbsc23sbsc_conduit_fifo_testsILi16ELi32ELi5EEC5EN7sc_core14sc_module_nameE]+0x3cc): undefined reference to `sc_core::sc_sensitive_neg::operator<<(sc_core::sc_process_handle)'
main.cpp:(.text._ZN4sbsc23sbsc_conduit_fifo_testsILi16ELi32ELi5EEC2EN7sc_core14sc_module_nameE[_ZN4sbsc23sbsc_conduit_fifo_testsILi16ELi32ELi5EEC5EN7sc_core14sc_module_nameE]+0x43f): undefined reference to `sc_core::sc_simcontext::create_thread_process(char const*, bool, void (sc_core::sc_process_host::*)(), sc_core::sc_process_host*, sc_core::sc_spawn_options const*)'
main.cpp:(.text._ZN4sbsc23sbsc_conduit_fifo_testsILi16ELi32ELi5EEC2EN7sc_core14sc_module_nameE[_ZN4sbsc23sbsc_conduit_fifo_testsILi16ELi32ELi5EEC5EN7sc_core14sc_module_nameE]+0x46f): undefined reference to `sc_core::sc_sensitive::operator<<(sc_core::sc_process_handle)'
main.cpp:(.text._ZN4sbsc23sbsc_conduit_fifo_testsILi16ELi32ELi5EEC2EN7sc_core14sc_module_nameE[_ZN4sbsc23sbsc_conduit_fifo_testsILi16ELi32ELi5EEC5EN7sc_core14sc_module_nameE]+0x4ab): undefined reference to `sc_core::sc_sensitive_pos::operator<<(sc_core::sc_process_handle)'
main.cpp:(.text._ZN4sbsc23sbsc_conduit_fifo_testsILi16ELi32ELi5EEC2EN7sc_core14sc_module_nameE[_ZN4sbsc23sbsc_conduit_fifo_testsILi16ELi32ELi5EEC5EN7sc_core14sc_module_nameE]+0x4ea): undefined reference to `sc_core::sc_sensitive_neg::operator<<(sc_core::sc_process_handle)'
main.cpp:(.text._ZN4sbsc23sbsc_conduit_fifo_testsILi16ELi32ELi5EEC2EN7sc_core14sc_module_nameE[_ZN4sbsc23sbsc_conduit_fifo_testsILi16ELi32ELi5EEC5EN7sc_core14sc_module_nameE]+0x51c): undefined reference to `sc_core::sc_module_name::~sc_module_name()'
main.cpp:(.text._ZN4sbsc23sbsc_conduit_fifo_testsILi16ELi32ELi5EEC2EN7sc_core14sc_module_nameE[_ZN4sbsc23sbsc_conduit_fifo_testsILi16ELi32ELi5EEC5EN7sc_core14sc_module_nameE]+0x82b): undefined reference to `sbsc::sbsc_conduit_fifo<16, 32, 5>::~sbsc_conduit_fifo()'
main.cpp:(.text._ZN4sbsc23sbsc_conduit_fifo_testsILi16ELi32ELi5EEC2EN7sc_core14sc_module_nameE[_ZN4sbsc23sbsc_conduit_fifo_testsILi16ELi32ELi5EEC5EN7sc_core14sc_module_nameE]+0x83f): undefined reference to `sc_core::sc_module::~sc_module()'
main.o: In function `sc_core::sc_signal_in_if<sc_dt::sc_lv<16> >::~sc_signal_in_if()':
main.cpp:(.text._ZN7sc_core15sc_signal_in_ifIN5sc_dt5sc_lvILi16EEEED2Ev[sc_core::sc_signal_in_if<sc_dt::sc_lv<16> >::~sc_signal_in_if()]+0x4f): undefined reference to `sc_core::sc_interface::~sc_interface()'
main.o: In function `sc_core::sc_signal_in_if<sc_dt::sc_lv<16> >::~sc_signal_in_if()':
main.cpp:(.text._ZN7sc_core15sc_signal_in_ifIN5sc_dt5sc_lvILi16EEEED1Ev[sc_core::sc_signal_in_if<sc_dt::sc_lv<16> >::~sc_signal_in_if()]+0x47): undefined reference to `sc_core::sc_interface::~sc_interface()'
main.o: In function `sc_core::sc_signal_write_if<sc_dt::sc_lv<16> >::~sc_signal_write_if()':
main.cpp:(.text._ZN7sc_core18sc_signal_write_ifIN5sc_dt5sc_lvILi16EEEED2Ev[sc_core::sc_signal_write_if<sc_dt::sc_lv<16> >::~sc_signal_write_if()]+0x4f): undefined reference to `sc_core::sc_interface::~sc_interface()'
main.o: In function `sc_core::sc_signal_write_if<sc_dt::sc_lv<16> >::~sc_signal_write_if()':
main.cpp:(.text._ZN7sc_core18sc_signal_write_ifIN5sc_dt5sc_lvILi16EEEED1Ev[sc_core::sc_signal_write_if<sc_dt::sc_lv<16> >::~sc_signal_write_if()]+0x47): undefined reference to `sc_core::sc_interface::~sc_interface()'
main.o: In function `sc_core::sc_signal_inout_if<sc_dt::sc_lv<16> >::~sc_signal_inout_if()':
main.cpp:(.text._ZN7sc_core18sc_signal_inout_ifIN5sc_dt5sc_lvILi16EEEED2Ev[sc_core::sc_signal_inout_if<sc_dt::sc_lv<16> >::~sc_signal_inout_if()]+0x92): undefined reference to `sc_core::sc_interface::~sc_interface()'
main.o:main.cpp:(.text._ZN7sc_core18sc_signal_inout_ifIN5sc_dt5sc_lvILi16EEEED2Ev[sc_core::sc_signal_inout_if<sc_dt::sc_lv<16> >::~sc_signal_inout_if()]+0xe3): more undefined references to `sc_core::sc_interface::~sc_interface()' follow
main.o: In function `sc_core::sc_signal<sc_dt::sc_lv<16>, (sc_core::sc_writer_policy)0>::~sc_signal()':
main.cpp:(.text._ZN7sc_core9sc_signalIN5sc_dt5sc_lvILi16EEELNS_16sc_writer_policyE0EED1Ev[sc_core::sc_signal<sc_dt::sc_lv<16>, (sc_core::sc_writer_policy)0>::~sc_signal()]+0x6d): undefined reference to `sc_core::sc_event::~sc_event()'
main.cpp:(.text._ZN7sc_core9sc_signalIN5sc_dt5sc_lvILi16EEELNS_16sc_writer_policyE0EED1Ev[sc_core::sc_signal<sc_dt::sc_lv<16>, (sc_core::sc_writer_policy)0>::~sc_signal()]+0xa9): undefined reference to `sc_core::sc_prim_channel::~sc_prim_channel()'
main.cpp:(.text._ZN7sc_core9sc_signalIN5sc_dt5sc_lvILi16EEELNS_16sc_writer_policyE0EED1Ev[sc_core::sc_signal<sc_dt::sc_lv<16>, (sc_core::sc_writer_policy)0>::~sc_signal()]+0xd9): undefined reference to `sc_core::sc_interface::~sc_interface()'
main.cpp:(.text._ZN7sc_core9sc_signalIN5sc_dt5sc_lvILi16EEELNS_16sc_writer_policyE0EED1Ev[sc_core::sc_signal<sc_dt::sc_lv<16>, (sc_core::sc_writer_policy)0>::~sc_signal()]+0x12e): undefined reference to `sc_core::sc_prim_channel::~sc_prim_channel()'
main.cpp:(.text._ZN7sc_core9sc_signalIN5sc_dt5sc_lvILi16EEELNS_16sc_writer_policyE0EED1Ev[sc_core::sc_signal<sc_dt::sc_lv<16>, (sc_core::sc_writer_policy)0>::~sc_signal()]+0x168): undefined reference to `sc_core::sc_interface::~sc_interface()'
main.o: In function `sc_core::sc_port_b<sc_core::sc_signal_in_if<bool> >::sc_port_b(int, sc_core::sc_port_policy)':
main.cpp:(.text._ZN7sc_core9sc_port_bINS_15sc_signal_in_ifIbEEEC2EiNS_14sc_port_policyE[_ZN7sc_core9sc_port_bINS_15sc_signal_in_ifIbEEEC5EiNS_14sc_port_policyE]+0x23): undefined reference to `sc_core::sc_port_base::sc_port_base(int, sc_core::sc_port_policy)'
main.cpp:(.text._ZN7sc_core9sc_port_bINS_15sc_signal_in_ifIbEEEC2EiNS_14sc_port_policyE[_ZN7sc_core9sc_port_bINS_15sc_signal_in_ifIbEEEC5EiNS_14sc_port_policyE]+0x5b): undefined reference to `sc_core::sc_port_base::~sc_port_base()'
main.o: In function `sc_core::sc_port_b<sc_core::sc_signal_in_if<bool> >::~sc_port_b()':
main.cpp:(.text._ZN7sc_core9sc_port_bINS_15sc_signal_in_ifIbEEED2Ev[_ZN7sc_core9sc_port_bINS_15sc_signal_in_ifIbEEED5Ev]+0x30): undefined reference to `sc_core::sc_port_base::~sc_port_base()'
main.cpp:(.text._ZN7sc_core9sc_port_bINS_15sc_signal_in_ifIbEEED2Ev[_ZN7sc_core9sc_port_bINS_15sc_signal_in_ifIbEEED5Ev]+0x59): undefined reference to `sc_core::sc_port_base::~sc_port_base()'
main.o: In function `sc_core::sc_port_b<sc_core::sc_signal_in_if<bool> >::bind(sc_core::sc_signal_in_if<bool>&)':
main.cpp:(.text._ZN7sc_core9sc_port_bINS_15sc_signal_in_ifIbEEE4bindERS2_[sc_core::sc_port_b<sc_core::sc_signal_in_if<bool> >::bind(sc_core::sc_signal_in_if<bool>&)]+0x30): undefined reference to `sc_core::sc_port_base::bind(sc_core::sc_interface&)'
main.o: In function `sc_core::sc_port_b<sc_core::sc_signal_in_if<bool> >::bind(sc_core::sc_port_b<sc_core::sc_signal_in_if<bool> >&)':
main.cpp:(.text._ZN7sc_core9sc_port_bINS_15sc_signal_in_ifIbEEE4bindERS3_[sc_core::sc_port_b<sc_core::sc_signal_in_if<bool> >::bind(sc_core::sc_port_b<sc_core::sc_signal_in_if<bool> >&)]+0x1f): undefined reference to `sc_core::sc_port_base::bind(sc_core::sc_port_base&)'
main.o: In function `sc_core::sc_signal<sc_dt::sc_lv<16>, (sc_core::sc_writer_policy)0>::sc_signal()':
main.cpp:(.text._ZN7sc_core9sc_signalIN5sc_dt5sc_lvILi16EEELNS_16sc_writer_policyE0EEC1Ev[sc_core::sc_signal<sc_dt::sc_lv<16>, (sc_core::sc_writer_policy)0>::sc_signal()]+0x15): undefined reference to `sc_core::sc_interface::sc_interface()'
main.cpp:(.text._ZN7sc_core9sc_signalIN5sc_dt5sc_lvILi16EEELNS_16sc_writer_policyE0EEC1Ev[sc_core::sc_signal<sc_dt::sc_lv<16>, (sc_core::sc_writer_policy)0>::sc_signal()]+0x3c): undefined reference to `sc_core::sc_gen_unique_name(char const*, bool)'
main.cpp:(.text._ZN7sc_core9sc_signalIN5sc_dt5sc_lvILi16EEELNS_16sc_writer_policyE0EEC1Ev[sc_core::sc_signal<sc_dt::sc_lv<16>, (sc_core::sc_writer_policy)0>::sc_signal()]+0x4f): undefined reference to `sc_core::sc_prim_channel::sc_prim_channel(char const*)'
main.cpp:(.text._ZN7sc_core9sc_signalIN5sc_dt5sc_lvILi16EEELNS_16sc_writer_policyE0EEC1Ev[sc_core::sc_signal<sc_dt::sc_lv<16>, (sc_core::sc_writer_policy)0>::sc_signal()]+0xbd): undefined reference to `sc_dt::UINT64_ONE'
main.cpp:(.text._ZN7sc_core9sc_signalIN5sc_dt5sc_lvILi16EEELNS_16sc_writer_policyE0EEC1Ev[sc_core::sc_signal<sc_dt::sc_lv<16>, (sc_core::sc_writer_policy)0>::sc_signal()]+0x10c): undefined reference to `sc_core::sc_prim_channel::~sc_prim_channel()'
main.cpp:(.text._ZN7sc_core9sc_signalIN5sc_dt5sc_lvILi16EEELNS_16sc_writer_policyE0EEC1Ev[sc_core::sc_signal<sc_dt::sc_lv<16>, (sc_core::sc_writer_policy)0>::sc_signal()]+0x13a): undefined reference to `sc_core::sc_interface::~sc_interface()'
main.o: In function `sc_core::sc_in<sc_dt::sc_lv<16> >::bind(sc_core::sc_port<sc_core::sc_signal_inout_if<sc_dt::sc_lv<16> >, 1, (sc_core::sc_port_policy)0>&)':
main.cpp:(.text._ZN7sc_core5sc_inIN5sc_dt5sc_lvILi16EEEE4bindERNS_7sc_portINS_18sc_signal_inout_ifIS3_EELi1ELNS_14sc_port_policyE0EEE[sc_core::sc_in<sc_dt::sc_lv<16> >::bind(sc_core::sc_port<sc_core::sc_signal_inout_if<sc_dt::sc_lv<16> >, 1, (sc_core::sc_port_policy)0>&)]+0x1f): undefined reference to `sc_core::sc_port_base::bind(sc_core::sc_port_base&)'
main.o: In function `sc_core::sc_port_b<sc_core::sc_signal_in_if<sc_dt::sc_lv<16> > >::~sc_port_b()':
main.cpp:(.text._ZN7sc_core9sc_port_bINS_15sc_signal_in_ifIN5sc_dt5sc_lvILi16EEEEEED2Ev[_ZN7sc_core9sc_port_bINS_15sc_signal_in_ifIN5sc_dt5sc_lvILi16EEEEEED5Ev]+0x30): undefined reference to `sc_core::sc_port_base::~sc_port_base()'
main.cpp:(.text._ZN7sc_core9sc_port_bINS_15sc_signal_in_ifIN5sc_dt5sc_lvILi16EEEEEED2Ev[_ZN7sc_core9sc_port_bINS_15sc_signal_in_ifIN5sc_dt5sc_lvILi16EEEEEED5Ev]+0x59): undefined reference to `sc_core::sc_port_base::~sc_port_base()'
main.o: In function `sc_core::sc_port_b<sc_core::sc_signal_in_if<sc_dt::sc_lv<16> > >::sc_port_b(int, sc_core::sc_port_policy)':
main.cpp:(.text._ZN7sc_core9sc_port_bINS_15sc_signal_in_ifIN5sc_dt5sc_lvILi16EEEEEEC2EiNS_14sc_port_policyE[_ZN7sc_core9sc_port_bINS_15sc_signal_in_ifIN5sc_dt5sc_lvILi16EEEEEEC5EiNS_14sc_port_policyE]+0x23): undefined reference to `sc_core::sc_port_base::sc_port_base(int, sc_core::sc_port_policy)'
main.cpp:(.text._ZN7sc_core9sc_port_bINS_15sc_signal_in_ifIN5sc_dt5sc_lvILi16EEEEEEC2EiNS_14sc_port_policyE[_ZN7sc_core9sc_port_bINS_15sc_signal_in_ifIN5sc_dt5sc_lvILi16EEEEEEC5EiNS_14sc_port_policyE]+0x5b): undefined reference to `sc_core::sc_port_base::~sc_port_base()'
main.o: In function `sc_core::sc_port_b<sc_core::sc_signal_inout_if<sc_dt::sc_lv<16> > >::operator->()':
main.cpp:(.text._ZN7sc_core9sc_port_bINS_18sc_signal_inout_ifIN5sc_dt5sc_lvILi16EEEEEEptEv[sc_core::sc_port_b<sc_core::sc_signal_inout_if<sc_dt::sc_lv<16> > >::operator->()]+0x23): undefined reference to `sc_core::SC_ID_GET_IF_'
main.cpp:(.text._ZN7sc_core9sc_port_bINS_18sc_signal_inout_ifIN5sc_dt5sc_lvILi16EEEEEEptEv[sc_core::sc_port_b<sc_core::sc_signal_inout_if<sc_dt::sc_lv<16> > >::operator->()]+0x2b): undefined reference to `sc_core::sc_port_base::report_error(char const*, char const*) const'
main.o: In function `sc_core::sc_port_b<sc_core::sc_signal_in_if<sc_dt::sc_lv<16> > >::operator->() const':
main.cpp:(.text._ZNK7sc_core9sc_port_bINS_15sc_signal_in_ifIN5sc_dt5sc_lvILi16EEEEEEptEv[sc_core::sc_port_b<sc_core::sc_signal_in_if<sc_dt::sc_lv<16> > >::operator->() const]+0x23): undefined reference to `sc_core::SC_ID_GET_IF_'
main.cpp:(.text._ZNK7sc_core9sc_port_bINS_15sc_signal_in_ifIN5sc_dt5sc_lvILi16EEEEEEptEv[sc_core::sc_port_b<sc_core::sc_signal_in_if<sc_dt::sc_lv<16> > >::operator->() const]+0x2b): undefined reference to `sc_core::sc_port_base::report_error(char const*, char const*) const'
main.o: In function `sc_core::sc_port_b<sc_core::sc_signal_inout_if<sc_dt::sc_lv<16> > >::~sc_port_b()':
main.cpp:(.text._ZN7sc_core9sc_port_bINS_18sc_signal_inout_ifIN5sc_dt5sc_lvILi16EEEEEED2Ev[_ZN7sc_core9sc_port_bINS_18sc_signal_inout_ifIN5sc_dt5sc_lvILi16EEEEEED5Ev]+0x30): undefined reference to `sc_core::sc_port_base::~sc_port_base()'
main.cpp:(.text._ZN7sc_core9sc_port_bINS_18sc_signal_inout_ifIN5sc_dt5sc_lvILi16EEEEEED2Ev[_ZN7sc_core9sc_port_bINS_18sc_signal_inout_ifIN5sc_dt5sc_lvILi16EEEEEED5Ev]+0x59): undefined reference to `sc_core::sc_port_base::~sc_port_base()'
main.o: In function `sc_core::sc_port_b<sc_core::sc_signal_inout_if<sc_dt::sc_lv<16> > >::sc_port_b(int, sc_core::sc_port_policy)':
main.cpp:(.text._ZN7sc_core9sc_port_bINS_18sc_signal_inout_ifIN5sc_dt5sc_lvILi16EEEEEEC2EiNS_14sc_port_policyE[_ZN7sc_core9sc_port_bINS_18sc_signal_inout_ifIN5sc_dt5sc_lvILi16EEEEEEC5EiNS_14sc_port_policyE]+0x23): undefined reference to `sc_core::sc_port_base::sc_port_base(int, sc_core::sc_port_policy)'
main.cpp:(.text._ZN7sc_core9sc_port_bINS_18sc_signal_inout_ifIN5sc_dt5sc_lvILi16EEEEEEC2EiNS_14sc_port_policyE[_ZN7sc_core9sc_port_bINS_18sc_signal_inout_ifIN5sc_dt5sc_lvILi16EEEEEEC5EiNS_14sc_port_policyE]+0x5b): undefined reference to `sc_core::sc_port_base::~sc_port_base()'
main.o: In function `sc_dt::sc_proxy<sc_dt::sc_lv_base>::to_string() const':
main.cpp:(.text._ZNK5sc_dt8sc_proxyINS_10sc_lv_baseEE9to_stringEv[sc_dt::sc_proxy<sc_dt::sc_lv_base>::to_string() const]+0x66): undefined reference to `sc_dt::sc_logic::logic_to_char'
main.o: In function `sc_dt::sc_proxy<sc_dt::sc_lv_base>::to_string(sc_dt::sc_numrep, bool) const':
main.cpp:(.text._ZNK5sc_dt8sc_proxyINS_10sc_lv_baseEE9to_stringENS_9sc_numrepEb[sc_dt::sc_proxy<sc_dt::sc_lv_base>::to_string(sc_dt::sc_numrep, bool) const]+0x41): undefined reference to `sc_dt::convert_to_fmt(std::basic_string<char, std::char_traits<char>, std::allocator<char> > const&, sc_dt::sc_numrep, bool)'
main.o:(.rodata._ZTVN4sbsc23sbsc_conduit_fifo_testsILi16ELi32ELi5EEE[vtable for sbsc::sbsc_conduit_fifo_tests<16, 32, 5>]+0x10): undefined reference to `sc_core::sc_object::print(std::basic_ostream<char, std::char_traits<char> >&) const'
main.o:(.rodata._ZTVN4sbsc23sbsc_conduit_fifo_testsILi16ELi32ELi5EEE[vtable for sbsc::sbsc_conduit_fifo_tests<16, 32, 5>]+0x18): undefined reference to `sc_core::sc_object::dump(std::basic_ostream<char, std::char_traits<char> >&) const'
main.o:(.rodata._ZTVN4sbsc23sbsc_conduit_fifo_testsILi16ELi32ELi5EEE[vtable for sbsc::sbsc_conduit_fifo_tests<16, 32, 5>]+0x20): undefined reference to `sc_core::sc_object::trace(sc_core::sc_trace_file*) const'
main.o:(.rodata._ZTVN4sbsc23sbsc_conduit_fifo_testsILi16ELi32ELi5EEE[vtable for sbsc::sbsc_conduit_fifo_tests<16, 32, 5>]+0x38): undefined reference to `sc_core::sc_module::get_child_objects() const'
main.o:(.rodata._ZTVN4sbsc23sbsc_conduit_fifo_testsILi16ELi32ELi5EEE[vtable for sbsc::sbsc_conduit_fifo_tests<16, 32, 5>]+0x50): undefined reference to `sc_core::sc_object::add_child_event(sc_core::sc_event*)'
main.o:(.rodata._ZTVN4sbsc23sbsc_conduit_fifo_testsILi16ELi32ELi5EEE[vtable for sbsc::sbsc_conduit_fifo_tests<16, 32, 5>]+0x58): undefined reference to `sc_core::sc_object::add_child_object(sc_core::sc_object*)'
main.o:(.rodata._ZTVN4sbsc23sbsc_conduit_fifo_testsILi16ELi32ELi5EEE[vtable for sbsc::sbsc_conduit_fifo_tests<16, 32, 5>]+0x60): undefined reference to `sc_core::sc_object::remove_child_event(sc_core::sc_event*)'
main.o:(.rodata._ZTVN4sbsc23sbsc_conduit_fifo_testsILi16ELi32ELi5EEE[vtable for sbsc::sbsc_conduit_fifo_tests<16, 32, 5>]+0x68): undefined reference to `sc_core::sc_object::remove_child_object(sc_core::sc_object*)'
main.o:(.rodata._ZTVN4sbsc23sbsc_conduit_fifo_testsILi16ELi32ELi5EEE[vtable for sbsc::sbsc_conduit_fifo_tests<16, 32, 5>]+0x70): undefined reference to `sc_core::sc_object::orphan_child_events()'
main.o:(.rodata._ZTVN4sbsc23sbsc_conduit_fifo_testsILi16ELi32ELi5EEE[vtable for sbsc::sbsc_conduit_fifo_tests<16, 32, 5>]+0x78): undefined reference to `sc_core::sc_object::orphan_child_objects()'
main.o:(.rodata._ZTVN4sbsc23sbsc_conduit_fifo_testsILi16ELi32ELi5EEE[vtable for sbsc::sbsc_conduit_fifo_tests<16, 32, 5>]+0x80): undefined reference to `sc_core::sc_module::before_end_of_elaboration()'
main.o:(.rodata._ZTVN4sbsc23sbsc_conduit_fifo_testsILi16ELi32ELi5EEE[vtable for sbsc::sbsc_conduit_fifo_tests<16, 32, 5>]+0x88): undefined reference to `sc_core::sc_module::end_of_elaboration()'
main.o:(.rodata._ZTVN4sbsc23sbsc_conduit_fifo_testsILi16ELi32ELi5EEE[vtable for sbsc::sbsc_conduit_fifo_tests<16, 32, 5>]+0x90): undefined reference to `sc_core::sc_module::start_of_simulation()'
main.o:(.rodata._ZTVN4sbsc23sbsc_conduit_fifo_testsILi16ELi32ELi5EEE[vtable for sbsc::sbsc_conduit_fifo_tests<16, 32, 5>]+0x98): undefined reference to `sc_core::sc_module::end_of_simulation()'
main.o:(.rodata._ZTVN7sc_core9sc_signalIN5sc_dt5sc_lvILi16EEELNS_16sc_writer_policyE0EEE[vtable for sc_core::sc_signal<sc_dt::sc_lv<16>, (sc_core::sc_writer_policy)0>]+0x158): undefined reference to `sc_core::sc_object::add_child_event(sc_core::sc_event*)'
main.o:(.rodata._ZTVN7sc_core9sc_signalIN5sc_dt5sc_lvILi16EEELNS_16sc_writer_policyE0EEE[vtable for sc_core::sc_signal<sc_dt::sc_lv<16>, (sc_core::sc_writer_policy)0>]+0x160): undefined reference to `sc_core::sc_object::add_child_object(sc_core::sc_object*)'
main.o:(.rodata._ZTVN7sc_core9sc_signalIN5sc_dt5sc_lvILi16EEELNS_16sc_writer_policyE0EEE[vtable for sc_core::sc_signal<sc_dt::sc_lv<16>, (sc_core::sc_writer_policy)0>]+0x168): undefined reference to `sc_core::sc_object::remove_child_event(sc_core::sc_event*)'
main.o:(.rodata._ZTVN7sc_core9sc_signalIN5sc_dt5sc_lvILi16EEELNS_16sc_writer_policyE0EEE[vtable for sc_core::sc_signal<sc_dt::sc_lv<16>, (sc_core::sc_writer_policy)0>]+0x170): undefined reference to `sc_core::sc_object::remove_child_object(sc_core::sc_object*)'
main.o:(.rodata._ZTVN7sc_core9sc_signalIN5sc_dt5sc_lvILi16EEELNS_16sc_writer_policyE0EEE[vtable for sc_core::sc_signal<sc_dt::sc_lv<16>, (sc_core::sc_writer_policy)0>]+0x178): undefined reference to `sc_core::sc_object::orphan_child_events()'
main.o:(.rodata._ZTVN7sc_core9sc_signalIN5sc_dt5sc_lvILi16EEELNS_16sc_writer_policyE0EEE[vtable for sc_core::sc_signal<sc_dt::sc_lv<16>, (sc_core::sc_writer_policy)0>]+0x180): undefined reference to `sc_core::sc_object::orphan_child_objects()'
main.o:(.rodata._ZTVN7sc_core9sc_signalIN5sc_dt5sc_lvILi16EEELNS_16sc_writer_policyE0EEE[vtable for sc_core::sc_signal<sc_dt::sc_lv<16>, (sc_core::sc_writer_policy)0>]+0x190): undefined reference to `sc_core::sc_prim_channel::before_end_of_elaboration()'
main.o:(.rodata._ZTVN7sc_core9sc_signalIN5sc_dt5sc_lvILi16EEELNS_16sc_writer_policyE0EEE[vtable for sc_core::sc_signal<sc_dt::sc_lv<16>, (sc_core::sc_writer_policy)0>]+0x198): undefined reference to `sc_core::sc_prim_channel::end_of_elaboration()'
main.o:(.rodata._ZTVN7sc_core9sc_signalIN5sc_dt5sc_lvILi16EEELNS_16sc_writer_policyE0EEE[vtable for sc_core::sc_signal<sc_dt::sc_lv<16>, (sc_core::sc_writer_policy)0>]+0x1a0): undefined reference to `sc_core::sc_prim_channel::start_of_simulation()'
main.o:(.rodata._ZTVN7sc_core9sc_signalIN5sc_dt5sc_lvILi16EEELNS_16sc_writer_policyE0EEE[vtable for sc_core::sc_signal<sc_dt::sc_lv<16>, (sc_core::sc_writer_policy)0>]+0x1a8): undefined reference to `sc_core::sc_prim_channel::end_of_simulation()'
main.o:(.rodata._ZTCN7sc_core9sc_signalIN5sc_dt5sc_lvILi16EEELNS_16sc_writer_policyE0EEE0_NS_18sc_signal_inout_ifIS3_EE[vtable for sc_core::sc_signal<sc_dt::sc_lv<16>, (sc_core::sc_writer_policy)0>]+0x30): undefined reference to `sc_core::sc_interface::register_port(sc_core::sc_port_base&, char const*)'
main.o:(.rodata._ZTCN7sc_core9sc_signalIN5sc_dt5sc_lvILi16EEELNS_16sc_writer_policyE0EEE0_NS_18sc_signal_inout_ifIS3_EE[vtable for sc_core::sc_signal<sc_dt::sc_lv<16>, (sc_core::sc_writer_policy)0>]+0x38): undefined reference to `sc_core::sc_interface::default_event() const'
main.o:(.rodata._ZTCN7sc_core9sc_signalIN5sc_dt5sc_lvILi16EEELNS_16sc_writer_policyE0EEE0_NS_15sc_signal_in_ifIS3_EE[vtable for sc_core::sc_signal<sc_dt::sc_lv<16>, (sc_core::sc_writer_policy)0>]+0x30): undefined reference to `sc_core::sc_interface::register_port(sc_core::sc_port_base&, char const*)'
main.o:(.rodata._ZTCN7sc_core9sc_signalIN5sc_dt5sc_lvILi16EEELNS_16sc_writer_policyE0EEE0_NS_15sc_signal_in_ifIS3_EE[vtable for sc_core::sc_signal<sc_dt::sc_lv<16>, (sc_core::sc_writer_policy)0>]+0x38): undefined reference to `sc_core::sc_interface::default_event() const'
main.o:(.rodata._ZTCN7sc_core9sc_signalIN5sc_dt5sc_lvILi16EEELNS_16sc_writer_policyE0EEE8_NS_18sc_signal_write_ifIS3_EE[vtable for sc_core::sc_signal<sc_dt::sc_lv<16>, (sc_core::sc_writer_policy)0>]+0x30): undefined reference to `sc_core::sc_interface::register_port(sc_core::sc_port_base&, char const*)'
main.o:(.rodata._ZTCN7sc_core9sc_signalIN5sc_dt5sc_lvILi16EEELNS_16sc_writer_policyE0EEE8_NS_18sc_signal_write_ifIS3_EE[vtable for sc_core::sc_signal<sc_dt::sc_lv<16>, (sc_core::sc_writer_policy)0>]+0x38): undefined reference to `sc_core::sc_interface::default_event() const'
main.o:(.rodata._ZTCN7sc_core9sc_signalIN5sc_dt5sc_lvILi16EEELNS_16sc_writer_policyE0EEE8_NS_18sc_signal_write_ifIS3_EE[vtable for sc_core::sc_signal<sc_dt::sc_lv<16>, (sc_core::sc_writer_policy)0>]+0x88): undefined reference to `sc_core::sc_interface::register_port(sc_core::sc_port_base&, char const*)'
main.o:(.rodata._ZTCN7sc_core9sc_signalIN5sc_dt5sc_lvILi16EEELNS_16sc_writer_policyE0EEE8_NS_18sc_signal_write_ifIS3_EE[vtable for sc_core::sc_signal<sc_dt::sc_lv<16>, (sc_core::sc_writer_policy)0>]+0x90): undefined reference to `sc_core::sc_interface::default_event() const'
main.o:(.rodata._ZTVN7sc_core18sc_signal_inout_ifIN5sc_dt5sc_lvILi16EEEEE[vtable for sc_core::sc_signal_inout_if<sc_dt::sc_lv<16> >]+0x30): undefined reference to `sc_core::sc_interface::register_port(sc_core::sc_port_base&, char const*)'
main.o:(.rodata._ZTVN7sc_core18sc_signal_inout_ifIN5sc_dt5sc_lvILi16EEEEE[vtable for sc_core::sc_signal_inout_if<sc_dt::sc_lv<16> >]+0x38): undefined reference to `sc_core::sc_interface::default_event() const'
main.o:(.rodata._ZTCN7sc_core18sc_signal_inout_ifIN5sc_dt5sc_lvILi16EEEEE0_NS_15sc_signal_in_ifIS3_EE[vtable for sc_core::sc_signal_inout_if<sc_dt::sc_lv<16> >]+0x30): undefined reference to `sc_core::sc_interface::register_port(sc_core::sc_port_base&, char const*)'
main.o:(.rodata._ZTCN7sc_core18sc_signal_inout_ifIN5sc_dt5sc_lvILi16EEEEE0_NS_15sc_signal_in_ifIS3_EE[vtable for sc_core::sc_signal_inout_if<sc_dt::sc_lv<16> >]+0x38): undefined reference to `sc_core::sc_interface::default_event() const'
main.o:(.rodata._ZTCN7sc_core18sc_signal_inout_ifIN5sc_dt5sc_lvILi16EEEEE8_NS_18sc_signal_write_ifIS3_EE[vtable for sc_core::sc_signal_inout_if<sc_dt::sc_lv<16> >]+0x30): undefined reference to `sc_core::sc_interface::register_port(sc_core::sc_port_base&, char const*)'
main.o:(.rodata._ZTCN7sc_core18sc_signal_inout_ifIN5sc_dt5sc_lvILi16EEEEE8_NS_18sc_signal_write_ifIS3_EE[vtable for sc_core::sc_signal_inout_if<sc_dt::sc_lv<16> >]+0x38): undefined reference to `sc_core::sc_interface::default_event() const'
main.o:(.rodata._ZTCN7sc_core18sc_signal_inout_ifIN5sc_dt5sc_lvILi16EEEEE8_NS_18sc_signal_write_ifIS3_EE[vtable for sc_core::sc_signal_inout_if<sc_dt::sc_lv<16> >]+0x88): undefined reference to `sc_core::sc_interface::register_port(sc_core::sc_port_base&, char const*)'
main.o:(.rodata._ZTCN7sc_core18sc_signal_inout_ifIN5sc_dt5sc_lvILi16EEEEE8_NS_18sc_signal_write_ifIS3_EE[vtable for sc_core::sc_signal_inout_if<sc_dt::sc_lv<16> >]+0x90): undefined reference to `sc_core::sc_interface::default_event() const'
main.o:(.rodata._ZTVN7sc_core18sc_signal_write_ifIN5sc_dt5sc_lvILi16EEEEE[vtable for sc_core::sc_signal_write_if<sc_dt::sc_lv<16> >]+0x30): undefined reference to `sc_core::sc_interface::register_port(sc_core::sc_port_base&, char const*)'
main.o:(.rodata._ZTVN7sc_core18sc_signal_write_ifIN5sc_dt5sc_lvILi16EEEEE[vtable for sc_core::sc_signal_write_if<sc_dt::sc_lv<16> >]+0x38): undefined reference to `sc_core::sc_interface::default_event() const'
main.o:(.rodata._ZTVN7sc_core15sc_signal_in_ifIN5sc_dt5sc_lvILi16EEEEE[vtable for sc_core::sc_signal_in_if<sc_dt::sc_lv<16> >]+0x30): undefined reference to `sc_core::sc_interface::register_port(sc_core::sc_port_base&, char const*)'
main.o:(.rodata._ZTVN7sc_core15sc_signal_in_ifIN5sc_dt5sc_lvILi16EEEEE[vtable for sc_core::sc_signal_in_if<sc_dt::sc_lv<16> >]+0x38): undefined reference to `sc_core::sc_interface::default_event() const'
main.o:(.rodata._ZTVN7sc_core5sc_inIN5sc_dt5sc_lvILi16EEEEE[vtable for sc_core::sc_in<sc_dt::sc_lv<16> >]+0x10): undefined reference to `sc_core::sc_object::print(std::basic_ostream<char, std::char_traits<char> >&) const'
main.o:(.rodata._ZTVN7sc_core5sc_inIN5sc_dt5sc_lvILi16EEEEE[vtable for sc_core::sc_in<sc_dt::sc_lv<16> >]+0x18): undefined reference to `sc_core::sc_object::dump(std::basic_ostream<char, std::char_traits<char> >&) const'
main.o:(.rodata._ZTVN7sc_core5sc_inIN5sc_dt5sc_lvILi16EEEEE[vtable for sc_core::sc_in<sc_dt::sc_lv<16> >]+0x20): undefined reference to `sc_core::sc_object::trace(sc_core::sc_trace_file*) const'
main.o:(.rodata._ZTVN7sc_core5sc_inIN5sc_dt5sc_lvILi16EEEEE[vtable for sc_core::sc_in<sc_dt::sc_lv<16> >]+0x50): undefined reference to `sc_core::sc_object::add_child_event(sc_core::sc_event*)'
main.o:(.rodata._ZTVN7sc_core5sc_inIN5sc_dt5sc_lvILi16EEEEE[vtable for sc_core::sc_in<sc_dt::sc_lv<16> >]+0x58): undefined reference to `sc_core::sc_object::add_child_object(sc_core::sc_object*)'
main.o:(.rodata._ZTVN7sc_core5sc_inIN5sc_dt5sc_lvILi16EEEEE[vtable for sc_core::sc_in<sc_dt::sc_lv<16> >]+0x60): undefined reference to `sc_core::sc_object::remove_child_event(sc_core::sc_event*)'
main.o:(.rodata._ZTVN7sc_core5sc_inIN5sc_dt5sc_lvILi16EEEEE[vtable for sc_core::sc_in<sc_dt::sc_lv<16> >]+0x68): undefined reference to `sc_core::sc_object::remove_child_object(sc_core::sc_object*)'
main.o:(.rodata._ZTVN7sc_core5sc_inIN5sc_dt5sc_lvILi16EEEEE[vtable for sc_core::sc_in<sc_dt::sc_lv<16> >]+0x70): undefined reference to `sc_core::sc_object::orphan_child_events()'
main.o:(.rodata._ZTVN7sc_core5sc_inIN5sc_dt5sc_lvILi16EEEEE[vtable for sc_core::sc_in<sc_dt::sc_lv<16> >]+0x78): undefined reference to `sc_core::sc_object::orphan_child_objects()'
main.o:(.rodata._ZTVN7sc_core5sc_inIN5sc_dt5sc_lvILi16EEEEE[vtable for sc_core::sc_in<sc_dt::sc_lv<16> >]+0xb8): undefined reference to `sc_core::sc_port_base::before_end_of_elaboration()'
main.o:(.rodata._ZTVN7sc_core5sc_inIN5sc_dt5sc_lvILi16EEEEE[vtable for sc_core::sc_in<sc_dt::sc_lv<16> >]+0xc8): undefined reference to `sc_core::sc_port_base::start_of_simulation()'
main.o:(.rodata._ZTVN7sc_core5sc_inIN5sc_dt5sc_lvILi16EEEEE[vtable for sc_core::sc_in<sc_dt::sc_lv<16> >]+0xd0): undefined reference to `sc_core::sc_port_base::end_of_simulation()'
main.o:(.rodata._ZTVN7sc_core7sc_portINS_15sc_signal_in_ifIN5sc_dt5sc_lvILi16EEEEELi1ELNS_14sc_port_policyE0EEE[vtable for sc_core::sc_port<sc_core::sc_signal_in_if<sc_dt::sc_lv<16> >, 1, (sc_core::sc_port_policy)0>]+0x10): undefined reference to `sc_core::sc_object::print(std::basic_ostream<char, std::char_traits<char> >&) const'
main.o:(.rodata._ZTVN7sc_core7sc_portINS_15sc_signal_in_ifIN5sc_dt5sc_lvILi16EEEEELi1ELNS_14sc_port_policyE0EEE[vtable for sc_core::sc_port<sc_core::sc_signal_in_if<sc_dt::sc_lv<16> >, 1, (sc_core::sc_port_policy)0>]+0x18): undefined reference to `sc_core::sc_object::dump(std::basic_ostream<char, std::char_traits<char> >&) const'
main.o:(.rodata._ZTVN7sc_core7sc_portINS_15sc_signal_in_ifIN5sc_dt5sc_lvILi16EEEEELi1ELNS_14sc_port_policyE0EEE[vtable for sc_core::sc_port<sc_core::sc_signal_in_if<sc_dt::sc_lv<16> >, 1, (sc_core::sc_port_policy)0>]+0x20): undefined reference to `sc_core::sc_object::trace(sc_core::sc_trace_file*) const'
main.o:(.rodata._ZTVN7sc_core7sc_portINS_15sc_signal_in_ifIN5sc_dt5sc_lvILi16EEEEELi1ELNS_14sc_port_policyE0EEE[vtable for sc_core::sc_port<sc_core::sc_signal_in_if<sc_dt::sc_lv<16> >, 1, (sc_core::sc_port_policy)0>]+0x50): undefined reference to `sc_core::sc_object::add_child_event(sc_core::sc_event*)'
main.o:(.rodata._ZTVN7sc_core7sc_portINS_15sc_signal_in_ifIN5sc_dt5sc_lvILi16EEEEELi1ELNS_14sc_port_policyE0EEE[vtable for sc_core::sc_port<sc_core::sc_signal_in_if<sc_dt::sc_lv<16> >, 1, (sc_core::sc_port_policy)0>]+0x58): undefined reference to `sc_core::sc_object::add_child_object(sc_core::sc_object*)'
main.o:(.rodata._ZTVN7sc_core7sc_portINS_15sc_signal_in_ifIN5sc_dt5sc_lvILi16EEEEELi1ELNS_14sc_port_policyE0EEE[vtable for sc_core::sc_port<sc_core::sc_signal_in_if<sc_dt::sc_lv<16> >, 1, (sc_core::sc_port_policy)0>]+0x60): undefined reference to `sc_core::sc_object::remove_child_event(sc_core::sc_event*)'
main.o:(.rodata._ZTVN7sc_core7sc_portINS_15sc_signal_in_ifIN5sc_dt5sc_lvILi16EEEEELi1ELNS_14sc_port_policyE0EEE[vtable for sc_core::sc_port<sc_core::sc_signal_in_if<sc_dt::sc_lv<16> >, 1, (sc_core::sc_port_policy)0>]+0x68): undefined reference to `sc_core::sc_object::remove_child_object(sc_core::sc_object*)'
main.o:(.rodata._ZTVN7sc_core7sc_portINS_15sc_signal_in_ifIN5sc_dt5sc_lvILi16EEEEELi1ELNS_14sc_port_policyE0EEE[vtable for sc_core::sc_port<sc_core::sc_signal_in_if<sc_dt::sc_lv<16> >, 1, (sc_core::sc_port_policy)0>]+0x70): undefined reference to `sc_core::sc_object::orphan_child_events()'
main.o:(.rodata._ZTVN7sc_core7sc_portINS_15sc_signal_in_ifIN5sc_dt5sc_lvILi16EEEEELi1ELNS_14sc_port_policyE0EEE[vtable for sc_core::sc_port<sc_core::sc_signal_in_if<sc_dt::sc_lv<16> >, 1, (sc_core::sc_port_policy)0>]+0x78): undefined reference to `sc_core::sc_object::orphan_child_objects()'
main.o:(.rodata._ZTVN7sc_core7sc_portINS_15sc_signal_in_ifIN5sc_dt5sc_lvILi16EEEEELi1ELNS_14sc_port_policyE0EEE[vtable for sc_core::sc_port<sc_core::sc_signal_in_if<sc_dt::sc_lv<16> >, 1, (sc_core::sc_port_policy)0>]+0xb8): undefined reference to `sc_core::sc_port_base::before_end_of_elaboration()'
main.o:(.rodata._ZTVN7sc_core7sc_portINS_15sc_signal_in_ifIN5sc_dt5sc_lvILi16EEEEELi1ELNS_14sc_port_policyE0EEE[vtable for sc_core::sc_port<sc_core::sc_signal_in_if<sc_dt::sc_lv<16> >, 1, (sc_core::sc_port_policy)0>]+0xc0): undefined reference to `sc_core::sc_port_base::end_of_elaboration()'
main.o:(.rodata._ZTVN7sc_core7sc_portINS_15sc_signal_in_ifIN5sc_dt5sc_lvILi16EEEEELi1ELNS_14sc_port_policyE0EEE[vtable for sc_core::sc_port<sc_core::sc_signal_in_if<sc_dt::sc_lv<16> >, 1, (sc_core::sc_port_policy)0>]+0xc8): undefined reference to `sc_core::sc_port_base::start_of_simulation()'
main.o:(.rodata._ZTVN7sc_core7sc_portINS_15sc_signal_in_ifIN5sc_dt5sc_lvILi16EEEEELi1ELNS_14sc_port_policyE0EEE[vtable for sc_core::sc_port<sc_core::sc_signal_in_if<sc_dt::sc_lv<16> >, 1, (sc_core::sc_port_policy)0>]+0xd0): undefined reference to `sc_core::sc_port_base::end_of_simulation()'
main.o:(.rodata._ZTVN7sc_core9sc_port_bINS_15sc_signal_in_ifIN5sc_dt5sc_lvILi16EEEEEEE[vtable for sc_core::sc_port_b<sc_core::sc_signal_in_if<sc_dt::sc_lv<16> > >]+0x10): undefined reference to `sc_core::sc_object::print(std::basic_ostream<char, std::char_traits<char> >&) const'
main.o:(.rodata._ZTVN7sc_core9sc_port_bINS_15sc_signal_in_ifIN5sc_dt5sc_lvILi16EEEEEEE[vtable for sc_core::sc_port_b<sc_core::sc_signal_in_if<sc_dt::sc_lv<16> > >]+0x18): undefined reference to `sc_core::sc_object::dump(std::basic_ostream<char, std::char_traits<char> >&) const'
main.o:(.rodata._ZTVN7sc_core9sc_port_bINS_15sc_signal_in_ifIN5sc_dt5sc_lvILi16EEEEEEE[vtable for sc_core::sc_port_b<sc_core::sc_signal_in_if<sc_dt::sc_lv<16> > >]+0x20): undefined reference to `sc_core::sc_object::trace(sc_core::sc_trace_file*) const'
main.o:(.rodata._ZTVN7sc_core9sc_port_bINS_15sc_signal_in_ifIN5sc_dt5sc_lvILi16EEEEEEE[vtable for sc_core::sc_port_b<sc_core::sc_signal_in_if<sc_dt::sc_lv<16> > >]+0x50): undefined reference to `sc_core::sc_object::add_child_event(sc_core::sc_event*)'
main.o:(.rodata._ZTVN7sc_core9sc_port_bINS_15sc_signal_in_ifIN5sc_dt5sc_lvILi16EEEEEEE[vtable for sc_core::sc_port_b<sc_core::sc_signal_in_if<sc_dt::sc_lv<16> > >]+0x58): undefined reference to `sc_core::sc_object::add_child_object(sc_core::sc_object*)'
main.o:(.rodata._ZTVN7sc_core9sc_port_bINS_15sc_signal_in_ifIN5sc_dt5sc_lvILi16EEEEEEE[vtable for sc_core::sc_port_b<sc_core::sc_signal_in_if<sc_dt::sc_lv<16> > >]+0x60): undefined reference to `sc_core::sc_object::remove_child_event(sc_core::sc_event*)'
main.o:(.rodata._ZTVN7sc_core9sc_port_bINS_15sc_signal_in_ifIN5sc_dt5sc_lvILi16EEEEEEE[vtable for sc_core::sc_port_b<sc_core::sc_signal_in_if<sc_dt::sc_lv<16> > >]+0x68): undefined reference to `sc_core::sc_object::remove_child_object(sc_core::sc_object*)'
main.o:(.rodata._ZTVN7sc_core9sc_port_bINS_15sc_signal_in_ifIN5sc_dt5sc_lvILi16EEEEEEE[vtable for sc_core::sc_port_b<sc_core::sc_signal_in_if<sc_dt::sc_lv<16> > >]+0x70): undefined reference to `sc_core::sc_object::orphan_child_events()'
main.o:(.rodata._ZTVN7sc_core9sc_port_bINS_15sc_signal_in_ifIN5sc_dt5sc_lvILi16EEEEEEE[vtable for sc_core::sc_port_b<sc_core::sc_signal_in_if<sc_dt::sc_lv<16> > >]+0x78): undefined reference to `sc_core::sc_object::orphan_child_objects()'
main.o:(.rodata._ZTVN7sc_core9sc_port_bINS_15sc_signal_in_ifIN5sc_dt5sc_lvILi16EEEEEEE[vtable for sc_core::sc_port_b<sc_core::sc_signal_in_if<sc_dt::sc_lv<16> > >]+0xb8): undefined reference to `sc_core::sc_port_base::before_end_of_elaboration()'
main.o:(.rodata._ZTVN7sc_core9sc_port_bINS_15sc_signal_in_ifIN5sc_dt5sc_lvILi16EEEEEEE[vtable for sc_core::sc_port_b<sc_core::sc_signal_in_if<sc_dt::sc_lv<16> > >]+0xc0): undefined reference to `sc_core::sc_port_base::end_of_elaboration()'
main.o:(.rodata._ZTVN7sc_core9sc_port_bINS_15sc_signal_in_ifIN5sc_dt5sc_lvILi16EEEEEEE[vtable for sc_core::sc_port_b<sc_core::sc_signal_in_if<sc_dt::sc_lv<16> > >]+0xc8): undefined reference to `sc_core::sc_port_base::start_of_simulation()'
main.o:(.rodata._ZTVN7sc_core9sc_port_bINS_15sc_signal_in_ifIN5sc_dt5sc_lvILi16EEEEEEE[vtable for sc_core::sc_port_b<sc_core::sc_signal_in_if<sc_dt::sc_lv<16> > >]+0xd0): undefined reference to `sc_core::sc_port_base::end_of_simulation()'
main.o:(.rodata._ZTVN7sc_core6sc_outIN5sc_dt5sc_lvILi16EEEEE[vtable for sc_core::sc_out<sc_dt::sc_lv<16> >]+0x10): undefined reference to `sc_core::sc_object::print(std::basic_ostream<char, std::char_traits<char> >&) const'
main.o:(.rodata._ZTVN7sc_core6sc_outIN5sc_dt5sc_lvILi16EEEEE[vtable for sc_core::sc_out<sc_dt::sc_lv<16> >]+0x18): undefined reference to `sc_core::sc_object::dump(std::basic_ostream<char, std::char_traits<char> >&) const'
main.o:(.rodata._ZTVN7sc_core6sc_outIN5sc_dt5sc_lvILi16EEEEE[vtable for sc_core::sc_out<sc_dt::sc_lv<16> >]+0x20): undefined reference to `sc_core::sc_object::trace(sc_core::sc_trace_file*) const'
main.o:(.rodata._ZTVN7sc_core6sc_outIN5sc_dt5sc_lvILi16EEEEE[vtable for sc_core::sc_out<sc_dt::sc_lv<16> >]+0x50): undefined reference to `sc_core::sc_object::add_child_event(sc_core::sc_event*)'
main.o:(.rodata._ZTVN7sc_core6sc_outIN5sc_dt5sc_lvILi16EEEEE[vtable for sc_core::sc_out<sc_dt::sc_lv<16> >]+0x58): undefined reference to `sc_core::sc_object::add_child_object(sc_core::sc_object*)'
main.o:(.rodata._ZTVN7sc_core6sc_outIN5sc_dt5sc_lvILi16EEEEE[vtable for sc_core::sc_out<sc_dt::sc_lv<16> >]+0x60): undefined reference to `sc_core::sc_object::remove_child_event(sc_core::sc_event*)'
main.o:(.rodata._ZTVN7sc_core6sc_outIN5sc_dt5sc_lvILi16EEEEE[vtable for sc_core::sc_out<sc_dt::sc_lv<16> >]+0x68): undefined reference to `sc_core::sc_object::remove_child_object(sc_core::sc_object*)'
main.o:(.rodata._ZTVN7sc_core6sc_outIN5sc_dt5sc_lvILi16EEEEE[vtable for sc_core::sc_out<sc_dt::sc_lv<16> >]+0x70): undefined reference to `sc_core::sc_object::orphan_child_events()'
main.o:(.rodata._ZTVN7sc_core6sc_outIN5sc_dt5sc_lvILi16EEEEE[vtable for sc_core::sc_out<sc_dt::sc_lv<16> >]+0x78): undefined reference to `sc_core::sc_object::orphan_child_objects()'
main.o:(.rodata._ZTVN7sc_core6sc_outIN5sc_dt5sc_lvILi16EEEEE[vtable for sc_core::sc_out<sc_dt::sc_lv<16> >]+0xb8): undefined reference to `sc_core::sc_port_base::before_end_of_elaboration()'
main.o:(.rodata._ZTVN7sc_core6sc_outIN5sc_dt5sc_lvILi16EEEEE[vtable for sc_core::sc_out<sc_dt::sc_lv<16> >]+0xc8): undefined reference to `sc_core::sc_port_base::start_of_simulation()'
main.o:(.rodata._ZTVN7sc_core6sc_outIN5sc_dt5sc_lvILi16EEEEE[vtable for sc_core::sc_out<sc_dt::sc_lv<16> >]+0xd0): undefined reference to `sc_core::sc_port_base::end_of_simulation()'
main.o:(.rodata._ZTVN7sc_core8sc_inoutIN5sc_dt5sc_lvILi16EEEEE[vtable for sc_core::sc_inout<sc_dt::sc_lv<16> >]+0x10): undefined reference to `sc_core::sc_object::print(std::basic_ostream<char, std::char_traits<char> >&) const'
main.o:(.rodata._ZTVN7sc_core8sc_inoutIN5sc_dt5sc_lvILi16EEEEE[vtable for sc_core::sc_inout<sc_dt::sc_lv<16> >]+0x18): undefined reference to `sc_core::sc_object::dump(std::basic_ostream<char, std::char_traits<char> >&) const'
main.o:(.rodata._ZTVN7sc_core8sc_inoutIN5sc_dt5sc_lvILi16EEEEE[vtable for sc_core::sc_inout<sc_dt::sc_lv<16> >]+0x20): undefined reference to `sc_core::sc_object::trace(sc_core::sc_trace_file*) const'
main.o:(.rodata._ZTVN7sc_core8sc_inoutIN5sc_dt5sc_lvILi16EEEEE[vtable for sc_core::sc_inout<sc_dt::sc_lv<16> >]+0x50): undefined reference to `sc_core::sc_object::add_child_event(sc_core::sc_event*)'
main.o:(.rodata._ZTVN7sc_core8sc_inoutIN5sc_dt5sc_lvILi16EEEEE[vtable for sc_core::sc_inout<sc_dt::sc_lv<16> >]+0x58): undefined reference to `sc_core::sc_object::add_child_object(sc_core::sc_object*)'
main.o:(.rodata._ZTVN7sc_core8sc_inoutIN5sc_dt5sc_lvILi16EEEEE[vtable for sc_core::sc_inout<sc_dt::sc_lv<16> >]+0x60): undefined reference to `sc_core::sc_object::remove_child_event(sc_core::sc_event*)'
main.o:(.rodata._ZTVN7sc_core8sc_inoutIN5sc_dt5sc_lvILi16EEEEE[vtable for sc_core::sc_inout<sc_dt::sc_lv<16> >]+0x68): undefined reference to `sc_core::sc_object::remove_child_object(sc_core::sc_object*)'
main.o:(.rodata._ZTVN7sc_core8sc_inoutIN5sc_dt5sc_lvILi16EEEEE[vtable for sc_core::sc_inout<sc_dt::sc_lv<16> >]+0x70): undefined reference to `sc_core::sc_object::orphan_child_events()'
main.o:(.rodata._ZTVN7sc_core8sc_inoutIN5sc_dt5sc_lvILi16EEEEE[vtable for sc_core::sc_inout<sc_dt::sc_lv<16> >]+0x78): undefined reference to `sc_core::sc_object::orphan_child_objects()'
main.o:(.rodata._ZTVN7sc_core8sc_inoutIN5sc_dt5sc_lvILi16EEEEE[vtable for sc_core::sc_inout<sc_dt::sc_lv<16> >]+0xb8): undefined reference to `sc_core::sc_port_base::before_end_of_elaboration()'
main.o:(.rodata._ZTVN7sc_core8sc_inoutIN5sc_dt5sc_lvILi16EEEEE[vtable for sc_core::sc_inout<sc_dt::sc_lv<16> >]+0xc8): undefined reference to `sc_core::sc_port_base::start_of_simulation()'
main.o:(.rodata._ZTVN7sc_core8sc_inoutIN5sc_dt5sc_lvILi16EEEEE[vtable for sc_core::sc_inout<sc_dt::sc_lv<16> >]+0xd0): undefined reference to `sc_core::sc_port_base::end_of_simulation()'
main.o:(.rodata._ZTVN7sc_core7sc_portINS_18sc_signal_inout_ifIN5sc_dt5sc_lvILi16EEEEELi1ELNS_14sc_port_policyE0EEE[vtable for sc_core::sc_port<sc_core::sc_signal_inout_if<sc_dt::sc_lv<16> >, 1, (sc_core::sc_port_policy)0>]+0x10): undefined reference to `sc_core::sc_object::print(std::basic_ostream<char, std::char_traits<char> >&) const'
main.o:(.rodata._ZTVN7sc_core7sc_portINS_18sc_signal_inout_ifIN5sc_dt5sc_lvILi16EEEEELi1ELNS_14sc_port_policyE0EEE[vtable for sc_core::sc_port<sc_core::sc_signal_inout_if<sc_dt::sc_lv<16> >, 1, (sc_core::sc_port_policy)0>]+0x18): undefined reference to `sc_core::sc_object::dump(std::basic_ostream<char, std::char_traits<char> >&) const'
main.o:(.rodata._ZTVN7sc_core7sc_portINS_18sc_signal_inout_ifIN5sc_dt5sc_lvILi16EEEEELi1ELNS_14sc_port_policyE0EEE[vtable for sc_core::sc_port<sc_core::sc_signal_inout_if<sc_dt::sc_lv<16> >, 1, (sc_core::sc_port_policy)0>]+0x20): undefined reference to `sc_core::sc_object::trace(sc_core::sc_trace_file*) const'
main.o:(.rodata._ZTVN7sc_core7sc_portINS_18sc_signal_inout_ifIN5sc_dt5sc_lvILi16EEEEELi1ELNS_14sc_port_policyE0EEE[vtable for sc_core::sc_port<sc_core::sc_signal_inout_if<sc_dt::sc_lv<16> >, 1, (sc_core::sc_port_policy)0>]+0x50): undefined reference to `sc_core::sc_object::add_child_event(sc_core::sc_event*)'
main.o:(.rodata._ZTVN7sc_core7sc_portINS_18sc_signal_inout_ifIN5sc_dt5sc_lvILi16EEEEELi1ELNS_14sc_port_policyE0EEE[vtable for sc_core::sc_port<sc_core::sc_signal_inout_if<sc_dt::sc_lv<16> >, 1, (sc_core::sc_port_policy)0>]+0x58): undefined reference to `sc_core::sc_object::add_child_object(sc_core::sc_object*)'
main.o:(.rodata._ZTVN7sc_core7sc_portINS_18sc_signal_inout_ifIN5sc_dt5sc_lvILi16EEEEELi1ELNS_14sc_port_policyE0EEE[vtable for sc_core::sc_port<sc_core::sc_signal_inout_if<sc_dt::sc_lv<16> >, 1, (sc_core::sc_port_policy)0>]+0x60): undefined reference to `sc_core::sc_object::remove_child_event(sc_core::sc_event*)'
main.o:(.rodata._ZTVN7sc_core7sc_portINS_18sc_signal_inout_ifIN5sc_dt5sc_lvILi16EEEEELi1ELNS_14sc_port_policyE0EEE[vtable for sc_core::sc_port<sc_core::sc_signal_inout_if<sc_dt::sc_lv<16> >, 1, (sc_core::sc_port_policy)0>]+0x68): undefined reference to `sc_core::sc_object::remove_child_object(sc_core::sc_object*)'
main.o:(.rodata._ZTVN7sc_core7sc_portINS_18sc_signal_inout_ifIN5sc_dt5sc_lvILi16EEEEELi1ELNS_14sc_port_policyE0EEE[vtable for sc_core::sc_port<sc_core::sc_signal_inout_if<sc_dt::sc_lv<16> >, 1, (sc_core::sc_port_policy)0>]+0x70): undefined reference to `sc_core::sc_object::orphan_child_events()'
main.o:(.rodata._ZTVN7sc_core7sc_portINS_18sc_signal_inout_ifIN5sc_dt5sc_lvILi16EEEEELi1ELNS_14sc_port_policyE0EEE[vtable for sc_core::sc_port<sc_core::sc_signal_inout_if<sc_dt::sc_lv<16> >, 1, (sc_core::sc_port_policy)0>]+0x78): undefined reference to `sc_core::sc_object::orphan_child_objects()'
main.o:(.rodata._ZTVN7sc_core7sc_portINS_18sc_signal_inout_ifIN5sc_dt5sc_lvILi16EEEEELi1ELNS_14sc_port_policyE0EEE[vtable for sc_core::sc_port<sc_core::sc_signal_inout_if<sc_dt::sc_lv<16> >, 1, (sc_core::sc_port_policy)0>]+0xb8): undefined reference to `sc_core::sc_port_base::before_end_of_elaboration()'
main.o:(.rodata._ZTVN7sc_core7sc_portINS_18sc_signal_inout_ifIN5sc_dt5sc_lvILi16EEEEELi1ELNS_14sc_port_policyE0EEE[vtable for sc_core::sc_port<sc_core::sc_signal_inout_if<sc_dt::sc_lv<16> >, 1, (sc_core::sc_port_policy)0>]+0xc0): undefined reference to `sc_core::sc_port_base::end_of_elaboration()'
main.o:(.rodata._ZTVN7sc_core7sc_portINS_18sc_signal_inout_ifIN5sc_dt5sc_lvILi16EEEEELi1ELNS_14sc_port_policyE0EEE[vtable for sc_core::sc_port<sc_core::sc_signal_inout_if<sc_dt::sc_lv<16> >, 1, (sc_core::sc_port_policy)0>]+0xc8): undefined reference to `sc_core::sc_port_base::start_of_simulation()'
main.o:(.rodata._ZTVN7sc_core7sc_portINS_18sc_signal_inout_ifIN5sc_dt5sc_lvILi16EEEEELi1ELNS_14sc_port_policyE0EEE[vtable for sc_core::sc_port<sc_core::sc_signal_inout_if<sc_dt::sc_lv<16> >, 1, (sc_core::sc_port_policy)0>]+0xd0): undefined reference to `sc_core::sc_port_base::end_of_simulation()'
main.o:(.rodata._ZTVN7sc_core9sc_port_bINS_18sc_signal_inout_ifIN5sc_dt5sc_lvILi16EEEEEEE[vtable for sc_core::sc_port_b<sc_core::sc_signal_inout_if<sc_dt::sc_lv<16> > >]+0x10): undefined reference to `sc_core::sc_object::print(std::basic_ostream<char, std::char_traits<char> >&) const'
main.o:(.rodata._ZTVN7sc_core9sc_port_bINS_18sc_signal_inout_ifIN5sc_dt5sc_lvILi16EEEEEEE[vtable for sc_core::sc_port_b<sc_core::sc_signal_inout_if<sc_dt::sc_lv<16> > >]+0x18): undefined reference to `sc_core::sc_object::dump(std::basic_ostream<char, std::char_traits<char> >&) const'
main.o:(.rodata._ZTVN7sc_core9sc_port_bINS_18sc_signal_inout_ifIN5sc_dt5sc_lvILi16EEEEEEE[vtable for sc_core::sc_port_b<sc_core::sc_signal_inout_if<sc_dt::sc_lv<16> > >]+0x20): undefined reference to `sc_core::sc_object::trace(sc_core::sc_trace_file*) const'
main.o:(.rodata._ZTVN7sc_core9sc_port_bINS_18sc_signal_inout_ifIN5sc_dt5sc_lvILi16EEEEEEE[vtable for sc_core::sc_port_b<sc_core::sc_signal_inout_if<sc_dt::sc_lv<16> > >]+0x50): undefined reference to `sc_core::sc_object::add_child_event(sc_core::sc_event*)'
main.o:(.rodata._ZTVN7sc_core9sc_port_bINS_18sc_signal_inout_ifIN5sc_dt5sc_lvILi16EEEEEEE[vtable for sc_core::sc_port_b<sc_core::sc_signal_inout_if<sc_dt::sc_lv<16> > >]+0x58): undefined reference to `sc_core::sc_object::add_child_object(sc_core::sc_object*)'
main.o:(.rodata._ZTVN7sc_core9sc_port_bINS_18sc_signal_inout_ifIN5sc_dt5sc_lvILi16EEEEEEE[vtable for sc_core::sc_port_b<sc_core::sc_signal_inout_if<sc_dt::sc_lv<16> > >]+0x60): undefined reference to `sc_core::sc_object::remove_child_event(sc_core::sc_event*)'
main.o:(.rodata._ZTVN7sc_core9sc_port_bINS_18sc_signal_inout_ifIN5sc_dt5sc_lvILi16EEEEEEE[vtable for sc_core::sc_port_b<sc_core::sc_signal_inout_if<sc_dt::sc_lv<16> > >]+0x68): undefined reference to `sc_core::sc_object::remove_child_object(sc_core::sc_object*)'
main.o:(.rodata._ZTVN7sc_core9sc_port_bINS_18sc_signal_inout_ifIN5sc_dt5sc_lvILi16EEEEEEE[vtable for sc_core::sc_port_b<sc_core::sc_signal_inout_if<sc_dt::sc_lv<16> > >]+0x70): undefined reference to `sc_core::sc_object::orphan_child_events()'
main.o:(.rodata._ZTVN7sc_core9sc_port_bINS_18sc_signal_inout_ifIN5sc_dt5sc_lvILi16EEEEEEE[vtable for sc_core::sc_port_b<sc_core::sc_signal_inout_if<sc_dt::sc_lv<16> > >]+0x78): undefined reference to `sc_core::sc_object::orphan_child_objects()'
main.o:(.rodata._ZTVN7sc_core9sc_port_bINS_18sc_signal_inout_ifIN5sc_dt5sc_lvILi16EEEEEEE[vtable for sc_core::sc_port_b<sc_core::sc_signal_inout_if<sc_dt::sc_lv<16> > >]+0xb8): undefined reference to `sc_core::sc_port_base::before_end_of_elaboration()'
main.o:(.rodata._ZTVN7sc_core9sc_port_bINS_18sc_signal_inout_ifIN5sc_dt5sc_lvILi16EEEEEEE[vtable for sc_core::sc_port_b<sc_core::sc_signal_inout_if<sc_dt::sc_lv<16> > >]+0xc0): undefined reference to `sc_core::sc_port_base::end_of_elaboration()'
main.o:(.rodata._ZTVN7sc_core9sc_port_bINS_18sc_signal_inout_ifIN5sc_dt5sc_lvILi16EEEEEEE[vtable for sc_core::sc_port_b<sc_core::sc_signal_inout_if<sc_dt::sc_lv<16> > >]+0xc8): undefined reference to `sc_core::sc_port_base::start_of_simulation()'
main.o:(.rodata._ZTVN7sc_core9sc_port_bINS_18sc_signal_inout_ifIN5sc_dt5sc_lvILi16EEEEEEE[vtable for sc_core::sc_port_b<sc_core::sc_signal_inout_if<sc_dt::sc_lv<16> > >]+0xd0): undefined reference to `sc_core::sc_port_base::end_of_simulation()'
main.o:(.rodata._ZTVN7sc_core7sc_portINS_15sc_signal_in_ifIbEELi1ELNS_14sc_port_policyE0EEE[vtable for sc_core::sc_port<sc_core::sc_signal_in_if<bool>, 1, (sc_core::sc_port_policy)0>]+0x10): undefined reference to `sc_core::sc_object::print(std::basic_ostream<char, std::char_traits<char> >&) const'
main.o:(.rodata._ZTVN7sc_core7sc_portINS_15sc_signal_in_ifIbEELi1ELNS_14sc_port_policyE0EEE[vtable for sc_core::sc_port<sc_core::sc_signal_in_if<bool>, 1, (sc_core::sc_port_policy)0>]+0x18): undefined reference to `sc_core::sc_object::dump(std::basic_ostream<char, std::char_traits<char> >&) const'
main.o:(.rodata._ZTVN7sc_core7sc_portINS_15sc_signal_in_ifIbEELi1ELNS_14sc_port_policyE0EEE[vtable for sc_core::sc_port<sc_core::sc_signal_in_if<bool>, 1, (sc_core::sc_port_policy)0>]+0x20): undefined reference to `sc_core::sc_object::trace(sc_core::sc_trace_file*) const'
main.o:(.rodata._ZTVN7sc_core7sc_portINS_15sc_signal_in_ifIbEELi1ELNS_14sc_port_policyE0EEE[vtable for sc_core::sc_port<sc_core::sc_signal_in_if<bool>, 1, (sc_core::sc_port_policy)0>]+0x50): undefined reference to `sc_core::sc_object::add_child_event(sc_core::sc_event*)'
main.o:(.rodata._ZTVN7sc_core7sc_portINS_15sc_signal_in_ifIbEELi1ELNS_14sc_port_policyE0EEE[vtable for sc_core::sc_port<sc_core::sc_signal_in_if<bool>, 1, (sc_core::sc_port_policy)0>]+0x58): undefined reference to `sc_core::sc_object::add_child_object(sc_core::sc_object*)'
main.o:(.rodata._ZTVN7sc_core7sc_portINS_15sc_signal_in_ifIbEELi1ELNS_14sc_port_policyE0EEE[vtable for sc_core::sc_port<sc_core::sc_signal_in_if<bool>, 1, (sc_core::sc_port_policy)0>]+0x60): undefined reference to `sc_core::sc_object::remove_child_event(sc_core::sc_event*)'
main.o:(.rodata._ZTVN7sc_core7sc_portINS_15sc_signal_in_ifIbEELi1ELNS_14sc_port_policyE0EEE[vtable for sc_core::sc_port<sc_core::sc_signal_in_if<bool>, 1, (sc_core::sc_port_policy)0>]+0x68): undefined reference to `sc_core::sc_object::remove_child_object(sc_core::sc_object*)'
main.o:(.rodata._ZTVN7sc_core7sc_portINS_15sc_signal_in_ifIbEELi1ELNS_14sc_port_policyE0EEE[vtable for sc_core::sc_port<sc_core::sc_signal_in_if<bool>, 1, (sc_core::sc_port_policy)0>]+0x70): undefined reference to `sc_core::sc_object::orphan_child_events()'
main.o:(.rodata._ZTVN7sc_core7sc_portINS_15sc_signal_in_ifIbEELi1ELNS_14sc_port_policyE0EEE[vtable for sc_core::sc_port<sc_core::sc_signal_in_if<bool>, 1, (sc_core::sc_port_policy)0>]+0x78): undefined reference to `sc_core::sc_object::orphan_child_objects()'
main.o:(.rodata._ZTVN7sc_core7sc_portINS_15sc_signal_in_ifIbEELi1ELNS_14sc_port_policyE0EEE[vtable for sc_core::sc_port<sc_core::sc_signal_in_if<bool>, 1, (sc_core::sc_port_policy)0>]+0xb8): undefined reference to `sc_core::sc_port_base::before_end_of_elaboration()'
main.o:(.rodata._ZTVN7sc_core7sc_portINS_15sc_signal_in_ifIbEELi1ELNS_14sc_port_policyE0EEE[vtable for sc_core::sc_port<sc_core::sc_signal_in_if<bool>, 1, (sc_core::sc_port_policy)0>]+0xc0): undefined reference to `sc_core::sc_port_base::end_of_elaboration()'
main.o:(.rodata._ZTVN7sc_core7sc_portINS_15sc_signal_in_ifIbEELi1ELNS_14sc_port_policyE0EEE[vtable for sc_core::sc_port<sc_core::sc_signal_in_if<bool>, 1, (sc_core::sc_port_policy)0>]+0xc8): undefined reference to `sc_core::sc_port_base::start_of_simulation()'
main.o:(.rodata._ZTVN7sc_core7sc_portINS_15sc_signal_in_ifIbEELi1ELNS_14sc_port_policyE0EEE[vtable for sc_core::sc_port<sc_core::sc_signal_in_if<bool>, 1, (sc_core::sc_port_policy)0>]+0xd0): undefined reference to `sc_core::sc_port_base::end_of_simulation()'
main.o:(.rodata._ZTVN7sc_core9sc_port_bINS_15sc_signal_in_ifIbEEEE[vtable for sc_core::sc_port_b<sc_core::sc_signal_in_if<bool> >]+0x10): undefined reference to `sc_core::sc_object::print(std::basic_ostream<char, std::char_traits<char> >&) const'
main.o:(.rodata._ZTVN7sc_core9sc_port_bINS_15sc_signal_in_ifIbEEEE[vtable for sc_core::sc_port_b<sc_core::sc_signal_in_if<bool> >]+0x18): undefined reference to `sc_core::sc_object::dump(std::basic_ostream<char, std::char_traits<char> >&) const'
main.o:(.rodata._ZTVN7sc_core9sc_port_bINS_15sc_signal_in_ifIbEEEE[vtable for sc_core::sc_port_b<sc_core::sc_signal_in_if<bool> >]+0x20): undefined reference to `sc_core::sc_object::trace(sc_core::sc_trace_file*) const'
main.o:(.rodata._ZTVN7sc_core9sc_port_bINS_15sc_signal_in_ifIbEEEE[vtable for sc_core::sc_port_b<sc_core::sc_signal_in_if<bool> >]+0x50): undefined reference to `sc_core::sc_object::add_child_event(sc_core::sc_event*)'
main.o:(.rodata._ZTVN7sc_core9sc_port_bINS_15sc_signal_in_ifIbEEEE[vtable for sc_core::sc_port_b<sc_core::sc_signal_in_if<bool> >]+0x58): undefined reference to `sc_core::sc_object::add_child_object(sc_core::sc_object*)'
main.o:(.rodata._ZTVN7sc_core9sc_port_bINS_15sc_signal_in_ifIbEEEE[vtable for sc_core::sc_port_b<sc_core::sc_signal_in_if<bool> >]+0x60): undefined reference to `sc_core::sc_object::remove_child_event(sc_core::sc_event*)'
main.o:(.rodata._ZTVN7sc_core9sc_port_bINS_15sc_signal_in_ifIbEEEE[vtable for sc_core::sc_port_b<sc_core::sc_signal_in_if<bool> >]+0x68): undefined reference to `sc_core::sc_object::remove_child_object(sc_core::sc_object*)'
main.o:(.rodata._ZTVN7sc_core9sc_port_bINS_15sc_signal_in_ifIbEEEE[vtable for sc_core::sc_port_b<sc_core::sc_signal_in_if<bool> >]+0x70): undefined reference to `sc_core::sc_object::orphan_child_events()'
main.o:(.rodata._ZTVN7sc_core9sc_port_bINS_15sc_signal_in_ifIbEEEE[vtable for sc_core::sc_port_b<sc_core::sc_signal_in_if<bool> >]+0x78): undefined reference to `sc_core::sc_object::orphan_child_objects()'
main.o:(.rodata._ZTVN7sc_core9sc_port_bINS_15sc_signal_in_ifIbEEEE[vtable for sc_core::sc_port_b<sc_core::sc_signal_in_if<bool> >]+0xb8): undefined reference to `sc_core::sc_port_base::before_end_of_elaboration()'
main.o:(.rodata._ZTVN7sc_core9sc_port_bINS_15sc_signal_in_ifIbEEEE[vtable for sc_core::sc_port_b<sc_core::sc_signal_in_if<bool> >]+0xc0): undefined reference to `sc_core::sc_port_base::end_of_elaboration()'
main.o:(.rodata._ZTVN7sc_core9sc_port_bINS_15sc_signal_in_ifIbEEEE[vtable for sc_core::sc_port_b<sc_core::sc_signal_in_if<bool> >]+0xc8): undefined reference to `sc_core::sc_port_base::start_of_simulation()'
main.o:(.rodata._ZTVN7sc_core9sc_port_bINS_15sc_signal_in_ifIbEEEE[vtable for sc_core::sc_port_b<sc_core::sc_signal_in_if<bool> >]+0xd0): undefined reference to `sc_core::sc_port_base::end_of_simulation()'
main.o:(.rodata._ZTIN4sbsc23sbsc_conduit_fifo_testsILi16ELi32ELi5EEE[typeinfo for sbsc::sbsc_conduit_fifo_tests<16, 32, 5>]+0x10): undefined reference to `typeinfo for sc_core::sc_module'
main.o:(.rodata._ZTIN7sc_core9sc_signalIN5sc_dt5sc_lvILi16EEELNS_16sc_writer_policyE0EEE[typeinfo for sc_core::sc_signal<sc_dt::sc_lv<16>, (sc_core::sc_writer_policy)0>]+0x28): undefined reference to `typeinfo for sc_core::sc_prim_channel'
main.o:(.rodata._ZTIN7sc_core18sc_signal_write_ifIN5sc_dt5sc_lvILi16EEEEE[typeinfo for sc_core::sc_signal_write_if<sc_dt::sc_lv<16> >]+0x18): undefined reference to `typeinfo for sc_core::sc_interface'
main.o:(.rodata._ZTIN7sc_core15sc_signal_in_ifIN5sc_dt5sc_lvILi16EEEEE[typeinfo for sc_core::sc_signal_in_if<sc_dt::sc_lv<16> >]+0x18): undefined reference to `typeinfo for sc_core::sc_interface'
main.o:(.rodata._ZTIN7sc_core9sc_port_bINS_15sc_signal_in_ifIN5sc_dt5sc_lvILi16EEEEEEE[typeinfo for sc_core::sc_port_b<sc_core::sc_signal_in_if<sc_dt::sc_lv<16> > >]+0x10): undefined reference to `typeinfo for sc_core::sc_port_base'
main.o:(.rodata._ZTIN7sc_core9sc_port_bINS_18sc_signal_inout_ifIN5sc_dt5sc_lvILi16EEEEEEE[typeinfo for sc_core::sc_port_b<sc_core::sc_signal_inout_if<sc_dt::sc_lv<16> > >]+0x10): undefined reference to `typeinfo for sc_core::sc_port_base'
main.o:(.rodata._ZTIN7sc_core9sc_port_bINS_15sc_signal_in_ifIbEEEE[typeinfo for sc_core::sc_port_b<sc_core::sc_signal_in_if<bool> >]+0x10): undefined reference to `typeinfo for sc_core::sc_port_base'
main.o:(.rodata._ZTIN7sc_core15sc_signal_in_ifIbEE[typeinfo for sc_core::sc_signal_in_if<bool>]+0x18): undefined reference to `typeinfo for sc_core::sc_interface'
main.o: In function `sc_core::sc_signal<sc_dt::sc_lv<16>, (sc_core::sc_writer_policy)0>::register_port(sc_core::sc_port_base&, char const*)':
main.cpp:(.text._ZN7sc_core9sc_signalIN5sc_dt5sc_lvILi16EEELNS_16sc_writer_policyE0EE13register_portERNS_12sc_port_baseEPKc[sc_core::sc_signal<sc_dt::sc_lv<16>, (sc_core::sc_writer_policy)0>::register_port(sc_core::sc_port_base&, char const*)]+0x97): undefined reference to `sc_core::sc_writer_policy_check_port::check_port(sc_core::sc_object*, sc_core::sc_port_base*, bool)'
main.o: In function `sc_core::sc_signal<sc_dt::sc_lv<16>, (sc_core::sc_writer_policy)0>::default_event() const':
main.cpp:(.text._ZNK7sc_core9sc_signalIN5sc_dt5sc_lvILi16EEELNS_16sc_writer_policyE0EE13default_eventEv[sc_core::sc_signal<sc_dt::sc_lv<16>, (sc_core::sc_writer_policy)0>::default_event() const]+0x89): undefined reference to `sc_core::sc_event::sc_event(char const*)'
main.o: In function `sc_core::sc_signal<sc_dt::sc_lv<16>, (sc_core::sc_writer_policy)0>::value_changed_event() const':
main.cpp:(.text._ZNK7sc_core9sc_signalIN5sc_dt5sc_lvILi16EEELNS_16sc_writer_policyE0EE19value_changed_eventEv[sc_core::sc_signal<sc_dt::sc_lv<16>, (sc_core::sc_writer_policy)0>::value_changed_event() const]+0x7f): undefined reference to `sc_core::sc_event::sc_event(char const*)'
main.o: In function `sc_core::sc_signal<sc_dt::sc_lv<16>, (sc_core::sc_writer_policy)0>::get_data_ref() const':
main.cpp:(.text._ZNK7sc_core9sc_signalIN5sc_dt5sc_lvILi16EEELNS_16sc_writer_policyE0EE12get_data_refEv[sc_core::sc_signal<sc_dt::sc_lv<16>, (sc_core::sc_writer_policy)0>::get_data_ref() const]+0xd): undefined reference to `sc_core::sc_deprecated_get_data_ref()'
main.o: In function `sc_core::sc_signal<sc_dt::sc_lv<16>, (sc_core::sc_writer_policy)0>::trace(sc_core::sc_trace_file*) const':
main.cpp:(.text._ZNK7sc_core9sc_signalIN5sc_dt5sc_lvILi16EEELNS_16sc_writer_policyE0EE5traceEPNS_13sc_trace_fileE[sc_core::sc_signal<sc_dt::sc_lv<16>, (sc_core::sc_writer_policy)0>::trace(sc_core::sc_trace_file*) const]+0x17): undefined reference to `sc_core::sc_deprecated_trace()'
main.o: In function `sc_core::sc_in<sc_dt::sc_lv<16> >::vbind(sc_core::sc_port_base&)':
main.cpp:(.text._ZN7sc_core5sc_inIN5sc_dt5sc_lvILi16EEEE5vbindERNS_12sc_port_baseE[sc_core::sc_in<sc_dt::sc_lv<16> >::vbind(sc_core::sc_port_base&)]+0x2d): undefined reference to `typeinfo for sc_core::sc_port_base'
main.cpp:(.text._ZN7sc_core5sc_inIN5sc_dt5sc_lvILi16EEEE5vbindERNS_12sc_port_baseE[sc_core::sc_in<sc_dt::sc_lv<16> >::vbind(sc_core::sc_port_base&)]+0x53): undefined reference to `sc_core::sc_port_base::bind(sc_core::sc_port_base&)'
main.cpp:(.text._ZN7sc_core5sc_inIN5sc_dt5sc_lvILi16EEEE5vbindERNS_12sc_port_baseE[sc_core::sc_in<sc_dt::sc_lv<16> >::vbind(sc_core::sc_port_base&)]+0x7b): undefined reference to `typeinfo for sc_core::sc_port_base'
main.cpp:(.text._ZN7sc_core5sc_inIN5sc_dt5sc_lvILi16EEEE5vbindERNS_12sc_port_baseE[sc_core::sc_in<sc_dt::sc_lv<16> >::vbind(sc_core::sc_port_base&)]+0xa1): undefined reference to `sc_core::sc_port_base::bind(sc_core::sc_port_base&)'
main.o: In function `sc_core::sc_port_b<sc_core::sc_signal_in_if<sc_dt::sc_lv<16> > >::add_interface(sc_core::sc_interface*)':
main.cpp:(.text._ZN7sc_core9sc_port_bINS_15sc_signal_in_ifIN5sc_dt5sc_lvILi16EEEEEE13add_interfaceEPNS_12sc_interfaceE[sc_core::sc_port_b<sc_core::sc_signal_in_if<sc_dt::sc_lv<16> > >::add_interface(sc_core::sc_interface*)]+0x2d): undefined reference to `typeinfo for sc_core::sc_interface'
main.cpp:(.text._ZN7sc_core9sc_port_bINS_15sc_signal_in_ifIN5sc_dt5sc_lvILi16EEEEEE13add_interfaceEPNS_12sc_interfaceE[sc_core::sc_port_b<sc_core::sc_signal_in_if<sc_dt::sc_lv<16> > >::add_interface(sc_core::sc_interface*)]+0xae): undefined reference to `sc_core::SC_ID_BIND_IF_TO_PORT_'
main.cpp:(.text._ZN7sc_core9sc_port_bINS_15sc_signal_in_ifIN5sc_dt5sc_lvILi16EEEEEE13add_interfaceEPNS_12sc_interfaceE[sc_core::sc_port_b<sc_core::sc_signal_in_if<sc_dt::sc_lv<16> > >::add_interface(sc_core::sc_interface*)]+0xb6): undefined reference to `sc_core::sc_port_base::report_error(char const*, char const*) const'
main.o: In function `sc_core::sc_in<sc_dt::sc_lv<16> >::end_of_elaboration()':
main.cpp:(.text._ZN7sc_core5sc_inIN5sc_dt5sc_lvILi16EEEE18end_of_elaborationEv[sc_core::sc_in<sc_dt::sc_lv<16> >::end_of_elaboration()]+0x80): undefined reference to `typeinfo for sc_core::sc_interface'
main.cpp:(.text._ZN7sc_core5sc_inIN5sc_dt5sc_lvILi16EEEE18end_of_elaborationEv[sc_core::sc_in<sc_dt::sc_lv<16> >::end_of_elaboration()]+0xc3): undefined reference to `sc_core::sc_trace(sc_core::sc_trace_file*, sc_dt::sc_lv_base const&, std::basic_string<char, std::char_traits<char>, std::allocator<char> > const&)'
main.o: In function `sc_core::sc_port_b<sc_core::sc_signal_in_if<sc_dt::sc_lv<16> > >::make_sensitive(sc_core::sc_thread_process*, sc_core::sc_event_finder*) const':
main.cpp:(.text._ZNK7sc_core9sc_port_bINS_15sc_signal_in_ifIN5sc_dt5sc_lvILi16EEEEEE14make_sensitiveEPNS_17sc_thread_processEPNS_15sc_event_finderE[sc_core::sc_port_b<sc_core::sc_signal_in_if<sc_dt::sc_lv<16> > >::make_sensitive(sc_core::sc_thread_process*, sc_core::sc_event_finder*) const]+0xc8): undefined reference to `sc_core::sc_port_base::add_static_event(sc_core::sc_thread_process*, sc_core::sc_event const&) const'
main.cpp:(.text._ZNK7sc_core9sc_port_bINS_15sc_signal_in_ifIN5sc_dt5sc_lvILi16EEEEEE14make_sensitiveEPNS_17sc_thread_processEPNS_15sc_event_finderE[sc_core::sc_port_b<sc_core::sc_signal_in_if<sc_dt::sc_lv<16> > >::make_sensitive(sc_core::sc_thread_process*, sc_core::sc_event_finder*) const]+0xf6): undefined reference to `sc_core::sc_port_base::make_sensitive(sc_core::sc_thread_process*, sc_core::sc_event_finder*) const'
main.o: In function `sc_core::sc_port_b<sc_core::sc_signal_in_if<sc_dt::sc_lv<16> > >::make_sensitive(sc_core::sc_method_process*, sc_core::sc_event_finder*) const':
main.cpp:(.text._ZNK7sc_core9sc_port_bINS_15sc_signal_in_ifIN5sc_dt5sc_lvILi16EEEEEE14make_sensitiveEPNS_17sc_method_processEPNS_15sc_event_finderE[sc_core::sc_port_b<sc_core::sc_signal_in_if<sc_dt::sc_lv<16> > >::make_sensitive(sc_core::sc_method_process*, sc_core::sc_event_finder*) const]+0xc8): undefined reference to `sc_core::sc_port_base::add_static_event(sc_core::sc_method_process*, sc_core::sc_event const&) const'
main.cpp:(.text._ZNK7sc_core9sc_port_bINS_15sc_signal_in_ifIN5sc_dt5sc_lvILi16EEEEEE14make_sensitiveEPNS_17sc_method_processEPNS_15sc_event_finderE[sc_core::sc_port_b<sc_core::sc_signal_in_if<sc_dt::sc_lv<16> > >::make_sensitive(sc_core::sc_method_process*, sc_core::sc_event_finder*) const]+0xf6): undefined reference to `sc_core::sc_port_base::make_sensitive(sc_core::sc_method_process*, sc_core::sc_event_finder*) const'
main.o: In function `sc_core::sc_in<sc_dt::sc_lv<16> >::bind(sc_core::sc_port_b<sc_core::sc_signal_in_if<sc_dt::sc_lv<16> > >&)':
main.cpp:(.text._ZN7sc_core5sc_inIN5sc_dt5sc_lvILi16EEEE4bindERNS_9sc_port_bINS_15sc_signal_in_ifIS3_EEEE[sc_core::sc_in<sc_dt::sc_lv<16> >::bind(sc_core::sc_port_b<sc_core::sc_signal_in_if<sc_dt::sc_lv<16> > >&)]+0x1f): undefined reference to `sc_core::sc_port_base::bind(sc_core::sc_port_base&)'
main.o: In function `sc_core::sc_in<sc_dt::sc_lv<16> >::bind(sc_core::sc_signal_in_if<sc_dt::sc_lv<16> > const&)':
main.cpp:(.text._ZN7sc_core5sc_inIN5sc_dt5sc_lvILi16EEEE4bindERKNS_15sc_signal_in_ifIS3_EE[sc_core::sc_in<sc_dt::sc_lv<16> >::bind(sc_core::sc_signal_in_if<sc_dt::sc_lv<16> > const&)]+0x30): undefined reference to `sc_core::sc_port_base::bind(sc_core::sc_interface&)'
main.o: In function `sc_core::sc_in<sc_dt::sc_lv<16> >::bind(sc_core::sc_port<sc_core::sc_signal_in_if<sc_dt::sc_lv<16> >, 1, (sc_core::sc_port_policy)0>&)':
main.cpp:(.text._ZN7sc_core5sc_inIN5sc_dt5sc_lvILi16EEEE4bindERNS_7sc_portINS_15sc_signal_in_ifIS3_EELi1ELNS_14sc_port_policyE0EEE[sc_core::sc_in<sc_dt::sc_lv<16> >::bind(sc_core::sc_port<sc_core::sc_signal_in_if<sc_dt::sc_lv<16> >, 1, (sc_core::sc_port_policy)0>&)]+0x1f): undefined reference to `sc_core::sc_port_base::bind(sc_core::sc_port_base&)'
main.o: In function `sc_core::sc_port_b<sc_core::sc_signal_in_if<sc_dt::sc_lv<16> > >::vbind(sc_core::sc_interface&)':
main.cpp:(.text._ZN7sc_core9sc_port_bINS_15sc_signal_in_ifIN5sc_dt5sc_lvILi16EEEEEE5vbindERNS_12sc_interfaceE[sc_core::sc_port_b<sc_core::sc_signal_in_if<sc_dt::sc_lv<16> > >::vbind(sc_core::sc_interface&)]+0x2f): undefined reference to `typeinfo for sc_core::sc_interface'
main.cpp:(.text._ZN7sc_core9sc_port_bINS_15sc_signal_in_ifIN5sc_dt5sc_lvILi16EEEEEE5vbindERNS_12sc_interfaceE[sc_core::sc_port_b<sc_core::sc_signal_in_if<sc_dt::sc_lv<16> > >::vbind(sc_core::sc_interface&)]+0x6d): undefined reference to `sc_core::sc_port_base::bind(sc_core::sc_interface&)'
main.o: In function `sc_core::sc_port_b<sc_core::sc_signal_in_if<sc_dt::sc_lv<16> > >::vbind(sc_core::sc_port_base&)':
main.cpp:(.text._ZN7sc_core9sc_port_bINS_15sc_signal_in_ifIN5sc_dt5sc_lvILi16EEEEEE5vbindERNS_12sc_port_baseE[sc_core::sc_port_b<sc_core::sc_signal_in_if<sc_dt::sc_lv<16> > >::vbind(sc_core::sc_port_base&)]+0x2d): undefined reference to `typeinfo for sc_core::sc_port_base'
main.cpp:(.text._ZN7sc_core9sc_port_bINS_15sc_signal_in_ifIN5sc_dt5sc_lvILi16EEEEEE5vbindERNS_12sc_port_baseE[sc_core::sc_port_b<sc_core::sc_signal_in_if<sc_dt::sc_lv<16> > >::vbind(sc_core::sc_port_base&)]+0x5a): undefined reference to `sc_core::sc_port_base::bind(sc_core::sc_port_base&)'
main.o: In function `sc_core::sc_port_b<sc_core::sc_signal_in_if<sc_dt::sc_lv<16> > >::bind(sc_core::sc_signal_in_if<sc_dt::sc_lv<16> >&)':
main.cpp:(.text._ZN7sc_core9sc_port_bINS_15sc_signal_in_ifIN5sc_dt5sc_lvILi16EEEEEE4bindERS5_[sc_core::sc_port_b<sc_core::sc_signal_in_if<sc_dt::sc_lv<16> > >::bind(sc_core::sc_signal_in_if<sc_dt::sc_lv<16> >&)]+0x30): undefined reference to `sc_core::sc_port_base::bind(sc_core::sc_interface&)'
main.o: In function `sc_core::sc_port_b<sc_core::sc_signal_in_if<sc_dt::sc_lv<16> > >::bind(sc_core::sc_port_b<sc_core::sc_signal_in_if<sc_dt::sc_lv<16> > >&)':
main.cpp:(.text._ZN7sc_core9sc_port_bINS_15sc_signal_in_ifIN5sc_dt5sc_lvILi16EEEEEE4bindERS6_[sc_core::sc_port_b<sc_core::sc_signal_in_if<sc_dt::sc_lv<16> > >::bind(sc_core::sc_port_b<sc_core::sc_signal_in_if<sc_dt::sc_lv<16> > >&)]+0x1f): undefined reference to `sc_core::sc_port_base::bind(sc_core::sc_port_base&)'
main.o: In function `sc_core::sc_port_b<sc_core::sc_signal_inout_if<sc_dt::sc_lv<16> > >::vbind(sc_core::sc_interface&)':
main.cpp:(.text._ZN7sc_core9sc_port_bINS_18sc_signal_inout_ifIN5sc_dt5sc_lvILi16EEEEEE5vbindERNS_12sc_interfaceE[sc_core::sc_port_b<sc_core::sc_signal_inout_if<sc_dt::sc_lv<16> > >::vbind(sc_core::sc_interface&)]+0x2f): undefined reference to `typeinfo for sc_core::sc_interface'
main.cpp:(.text._ZN7sc_core9sc_port_bINS_18sc_signal_inout_ifIN5sc_dt5sc_lvILi16EEEEEE5vbindERNS_12sc_interfaceE[sc_core::sc_port_b<sc_core::sc_signal_inout_if<sc_dt::sc_lv<16> > >::vbind(sc_core::sc_interface&)]+0x6d): undefined reference to `sc_core::sc_port_base::bind(sc_core::sc_interface&)'
main.o: In function `sc_core::sc_port_b<sc_core::sc_signal_inout_if<sc_dt::sc_lv<16> > >::vbind(sc_core::sc_port_base&)':
main.cpp:(.text._ZN7sc_core9sc_port_bINS_18sc_signal_inout_ifIN5sc_dt5sc_lvILi16EEEEEE5vbindERNS_12sc_port_baseE[sc_core::sc_port_b<sc_core::sc_signal_inout_if<sc_dt::sc_lv<16> > >::vbind(sc_core::sc_port_base&)]+0x2d): undefined reference to `typeinfo for sc_core::sc_port_base'
main.cpp:(.text._ZN7sc_core9sc_port_bINS_18sc_signal_inout_ifIN5sc_dt5sc_lvILi16EEEEEE5vbindERNS_12sc_port_baseE[sc_core::sc_port_b<sc_core::sc_signal_inout_if<sc_dt::sc_lv<16> > >::vbind(sc_core::sc_port_base&)]+0x5a): undefined reference to `sc_core::sc_port_base::bind(sc_core::sc_port_base&)'
main.o: In function `sc_core::sc_port_b<sc_core::sc_signal_inout_if<sc_dt::sc_lv<16> > >::add_interface(sc_core::sc_interface*)':
main.cpp:(.text._ZN7sc_core9sc_port_bINS_18sc_signal_inout_ifIN5sc_dt5sc_lvILi16EEEEEE13add_interfaceEPNS_12sc_interfaceE[sc_core::sc_port_b<sc_core::sc_signal_inout_if<sc_dt::sc_lv<16> > >::add_interface(sc_core::sc_interface*)]+0x2d): undefined reference to `typeinfo for sc_core::sc_interface'
main.cpp:(.text._ZN7sc_core9sc_port_bINS_18sc_signal_inout_ifIN5sc_dt5sc_lvILi16EEEEEE13add_interfaceEPNS_12sc_interfaceE[sc_core::sc_port_b<sc_core::sc_signal_inout_if<sc_dt::sc_lv<16> > >::add_interface(sc_core::sc_interface*)]+0xae): undefined reference to `sc_core::SC_ID_BIND_IF_TO_PORT_'
main.cpp:(.text._ZN7sc_core9sc_port_bINS_18sc_signal_inout_ifIN5sc_dt5sc_lvILi16EEEEEE13add_interfaceEPNS_12sc_interfaceE[sc_core::sc_port_b<sc_core::sc_signal_inout_if<sc_dt::sc_lv<16> > >::add_interface(sc_core::sc_interface*)]+0xb6): undefined reference to `sc_core::sc_port_base::report_error(char const*, char const*) const'
main.o: In function `sc_core::sc_inout<sc_dt::sc_lv<16> >::end_of_elaboration()':
main.cpp:(.text._ZN7sc_core8sc_inoutIN5sc_dt5sc_lvILi16EEEE18end_of_elaborationEv[sc_core::sc_inout<sc_dt::sc_lv<16> >::end_of_elaboration()]+0xee): undefined reference to `typeinfo for sc_core::sc_interface'
main.cpp:(.text._ZN7sc_core8sc_inoutIN5sc_dt5sc_lvILi16EEEE18end_of_elaborationEv[sc_core::sc_inout<sc_dt::sc_lv<16> >::end_of_elaboration()]+0x131): undefined reference to `sc_core::sc_trace(sc_core::sc_trace_file*, sc_dt::sc_lv_base const&, std::basic_string<char, std::char_traits<char>, std::allocator<char> > const&)'
main.o: In function `sc_core::sc_port_b<sc_core::sc_signal_inout_if<sc_dt::sc_lv<16> > >::make_sensitive(sc_core::sc_thread_process*, sc_core::sc_event_finder*) const':
main.cpp:(.text._ZNK7sc_core9sc_port_bINS_18sc_signal_inout_ifIN5sc_dt5sc_lvILi16EEEEEE14make_sensitiveEPNS_17sc_thread_processEPNS_15sc_event_finderE[sc_core::sc_port_b<sc_core::sc_signal_inout_if<sc_dt::sc_lv<16> > >::make_sensitive(sc_core::sc_thread_process*, sc_core::sc_event_finder*) const]+0xc8): undefined reference to `sc_core::sc_port_base::add_static_event(sc_core::sc_thread_process*, sc_core::sc_event const&) const'
main.cpp:(.text._ZNK7sc_core9sc_port_bINS_18sc_signal_inout_ifIN5sc_dt5sc_lvILi16EEEEEE14make_sensitiveEPNS_17sc_thread_processEPNS_15sc_event_finderE[sc_core::sc_port_b<sc_core::sc_signal_inout_if<sc_dt::sc_lv<16> > >::make_sensitive(sc_core::sc_thread_process*, sc_core::sc_event_finder*) const]+0xf6): undefined reference to `sc_core::sc_port_base::make_sensitive(sc_core::sc_thread_process*, sc_core::sc_event_finder*) const'
main.o: In function `sc_core::sc_port_b<sc_core::sc_signal_inout_if<sc_dt::sc_lv<16> > >::make_sensitive(sc_core::sc_method_process*, sc_core::sc_event_finder*) const':
main.cpp:(.text._ZNK7sc_core9sc_port_bINS_18sc_signal_inout_ifIN5sc_dt5sc_lvILi16EEEEEE14make_sensitiveEPNS_17sc_method_processEPNS_15sc_event_finderE[sc_core::sc_port_b<sc_core::sc_signal_inout_if<sc_dt::sc_lv<16> > >::make_sensitive(sc_core::sc_method_process*, sc_core::sc_event_finder*) const]+0xc8): undefined reference to `sc_core::sc_port_base::add_static_event(sc_core::sc_method_process*, sc_core::sc_event const&) const'
main.cpp:(.text._ZNK7sc_core9sc_port_bINS_18sc_signal_inout_ifIN5sc_dt5sc_lvILi16EEEEEE14make_sensitiveEPNS_17sc_method_processEPNS_15sc_event_finderE[sc_core::sc_port_b<sc_core::sc_signal_inout_if<sc_dt::sc_lv<16> > >::make_sensitive(sc_core::sc_method_process*, sc_core::sc_event_finder*) const]+0xf6): undefined reference to `sc_core::sc_port_base::make_sensitive(sc_core::sc_method_process*, sc_core::sc_event_finder*) const'
main.o: In function `sc_core::sc_port_b<sc_core::sc_signal_inout_if<sc_dt::sc_lv<16> > >::bind(sc_core::sc_signal_inout_if<sc_dt::sc_lv<16> >&)':
main.cpp:(.text._ZN7sc_core9sc_port_bINS_18sc_signal_inout_ifIN5sc_dt5sc_lvILi16EEEEEE4bindERS5_[sc_core::sc_port_b<sc_core::sc_signal_inout_if<sc_dt::sc_lv<16> > >::bind(sc_core::sc_signal_inout_if<sc_dt::sc_lv<16> >&)]+0x30): undefined reference to `sc_core::sc_port_base::bind(sc_core::sc_interface&)'
main.o: In function `sc_core::sc_port_b<sc_core::sc_signal_inout_if<sc_dt::sc_lv<16> > >::bind(sc_core::sc_port_b<sc_core::sc_signal_inout_if<sc_dt::sc_lv<16> > >&)':
main.cpp:(.text._ZN7sc_core9sc_port_bINS_18sc_signal_inout_ifIN5sc_dt5sc_lvILi16EEEEEE4bindERS6_[sc_core::sc_port_b<sc_core::sc_signal_inout_if<sc_dt::sc_lv<16> > >::bind(sc_core::sc_port_b<sc_core::sc_signal_inout_if<sc_dt::sc_lv<16> > >&)]+0x1f): undefined reference to `sc_core::sc_port_base::bind(sc_core::sc_port_base&)'
main.o: In function `sc_core::sc_port_b<sc_core::sc_signal_in_if<bool> >::vbind(sc_core::sc_interface&)':
main.cpp:(.text._ZN7sc_core9sc_port_bINS_15sc_signal_in_ifIbEEE5vbindERNS_12sc_interfaceE[sc_core::sc_port_b<sc_core::sc_signal_in_if<bool> >::vbind(sc_core::sc_interface&)]+0x2f): undefined reference to `typeinfo for sc_core::sc_interface'
main.cpp:(.text._ZN7sc_core9sc_port_bINS_15sc_signal_in_ifIbEEE5vbindERNS_12sc_interfaceE[sc_core::sc_port_b<sc_core::sc_signal_in_if<bool> >::vbind(sc_core::sc_interface&)]+0x6d): undefined reference to `sc_core::sc_port_base::bind(sc_core::sc_interface&)'
main.o: In function `sc_core::sc_port_b<sc_core::sc_signal_in_if<bool> >::vbind(sc_core::sc_port_base&)':
main.cpp:(.text._ZN7sc_core9sc_port_bINS_15sc_signal_in_ifIbEEE5vbindERNS_12sc_port_baseE[sc_core::sc_port_b<sc_core::sc_signal_in_if<bool> >::vbind(sc_core::sc_port_base&)]+0x2d): undefined reference to `typeinfo for sc_core::sc_port_base'
main.cpp:(.text._ZN7sc_core9sc_port_bINS_15sc_signal_in_ifIbEEE5vbindERNS_12sc_port_baseE[sc_core::sc_port_b<sc_core::sc_signal_in_if<bool> >::vbind(sc_core::sc_port_base&)]+0x5a): undefined reference to `sc_core::sc_port_base::bind(sc_core::sc_port_base&)'
main.o: In function `sc_core::sc_port_b<sc_core::sc_signal_in_if<bool> >::add_interface(sc_core::sc_interface*)':
main.cpp:(.text._ZN7sc_core9sc_port_bINS_15sc_signal_in_ifIbEEE13add_interfaceEPNS_12sc_interfaceE[sc_core::sc_port_b<sc_core::sc_signal_in_if<bool> >::add_interface(sc_core::sc_interface*)]+0x2d): undefined reference to `typeinfo for sc_core::sc_interface'
main.cpp:(.text._ZN7sc_core9sc_port_bINS_15sc_signal_in_ifIbEEE13add_interfaceEPNS_12sc_interfaceE[sc_core::sc_port_b<sc_core::sc_signal_in_if<bool> >::add_interface(sc_core::sc_interface*)]+0xae): undefined reference to `sc_core::SC_ID_BIND_IF_TO_PORT_'
main.cpp:(.text._ZN7sc_core9sc_port_bINS_15sc_signal_in_ifIbEEE13add_interfaceEPNS_12sc_interfaceE[sc_core::sc_port_b<sc_core::sc_signal_in_if<bool> >::add_interface(sc_core::sc_interface*)]+0xb6): undefined reference to `sc_core::sc_port_base::report_error(char const*, char const*) const'
main.o: In function `sc_core::sc_port_b<sc_core::sc_signal_in_if<bool> >::make_sensitive(sc_core::sc_thread_process*, sc_core::sc_event_finder*) const':
main.cpp:(.text._ZNK7sc_core9sc_port_bINS_15sc_signal_in_ifIbEEE14make_sensitiveEPNS_17sc_thread_processEPNS_15sc_event_finderE[sc_core::sc_port_b<sc_core::sc_signal_in_if<bool> >::make_sensitive(sc_core::sc_thread_process*, sc_core::sc_event_finder*) const]+0xc8): undefined reference to `sc_core::sc_port_base::add_static_event(sc_core::sc_thread_process*, sc_core::sc_event const&) const'
main.cpp:(.text._ZNK7sc_core9sc_port_bINS_15sc_signal_in_ifIbEEE14make_sensitiveEPNS_17sc_thread_processEPNS_15sc_event_finderE[sc_core::sc_port_b<sc_core::sc_signal_in_if<bool> >::make_sensitive(sc_core::sc_thread_process*, sc_core::sc_event_finder*) const]+0xf6): undefined reference to `sc_core::sc_port_base::make_sensitive(sc_core::sc_thread_process*, sc_core::sc_event_finder*) const'
main.o: In function `sc_core::sc_port_b<sc_core::sc_signal_in_if<bool> >::make_sensitive(sc_core::sc_method_process*, sc_core::sc_event_finder*) const':
main.cpp:(.text._ZNK7sc_core9sc_port_bINS_15sc_signal_in_ifIbEEE14make_sensitiveEPNS_17sc_method_processEPNS_15sc_event_finderE[sc_core::sc_port_b<sc_core::sc_signal_in_if<bool> >::make_sensitive(sc_core::sc_method_process*, sc_core::sc_event_finder*) const]+0xc8): undefined reference to `sc_core::sc_port_base::add_static_event(sc_core::sc_method_process*, sc_core::sc_event const&) const'
main.cpp:(.text._ZNK7sc_core9sc_port_bINS_15sc_signal_in_ifIbEEE14make_sensitiveEPNS_17sc_method_processEPNS_15sc_event_finderE[sc_core::sc_port_b<sc_core::sc_signal_in_if<bool> >::make_sensitive(sc_core::sc_method_process*, sc_core::sc_event_finder*) const]+0xf6): undefined reference to `sc_core::sc_port_base::make_sensitive(sc_core::sc_method_process*, sc_core::sc_event_finder*) const'
collect2: ld returned 1 exit status
